2018-01-21 14:29:50 INFO  RequestMappingHandlerMapping:543 - Mapped "{[/tindakan/tambah],methods=[POST]}" onto public id.edmaputra.uwati.entity.master.obat.Obat id.edmaputra.uwati.controller.TindakanController.tambah(id.edmaputra.uwati.view.handler.TindakanHandler,org.springframework.validation.BindingResult,java.security.Principal,javax.servlet.http.HttpServletRequest)
2018-01-21 14:29:50 INFO  RequestMappingHandlerMapping:543 - Mapped "{[/tindakan/edit],methods=[POST]}" onto public id.edmaputra.uwati.entity.master.obat.Obat id.edmaputra.uwati.controller.TindakanController.edit(id.edmaputra.uwati.view.handler.TindakanHandler,org.springframework.validation.BindingResult,java.security.Principal,javax.servlet.http.HttpServletRequest)
2018-01-21 14:29:50 INFO  RequestMappingHandlerMapping:543 - Mapped "{[/tindakan/daftar],methods=[GET]}" onto public id.edmaputra.uwati.view.HtmlElement id.edmaputra.uwati.controller.TindakanController.tampilkanDaftar(java.lang.Integer,java.lang.String,javax.servlet.http.HttpServletRequest,javax.servlet.http.HttpServletResponse)
2018-01-21 14:29:50 INFO  RequestMappingHandlerMapping:543 - Mapped "{[/retur/retur],methods=[POST]}" onto public id.edmaputra.uwati.view.handler.PembelianDetailHandler id.edmaputra.uwati.controller.transaksi.ReturController.jual(id.edmaputra.uwati.view.handler.PembelianDetailHandler,org.springframework.validation.BindingResult,java.security.Principal,javax.servlet.http.HttpServletRequest)
2018-01-21 14:29:50 INFO  RequestMappingHandlerMapping:543 - Mapped "{[/retur/daftar-retur],methods=[GET]}" onto public id.edmaputra.uwati.view.HtmlElement id.edmaputra.uwati.controller.transaksi.ReturController.daftarObatRetur(java.lang.String,javax.servlet.http.HttpServletRequest,javax.servlet.http.HttpServletResponse)
2018-01-21 14:29:50 INFO  RequestMappingHandlerMapping:543 - Mapped "{[/retur/daftar],methods=[GET]}" onto public id.edmaputra.uwati.view.HtmlElement id.edmaputra.uwati.controller.transaksi.ReturController.daftar(java.lang.Integer,java.lang.String,java.lang.String,java.lang.String,javax.servlet.http.HttpServletRequest,javax.servlet.http.HttpServletResponse)
2018-01-21 14:29:50 INFO  RequestMappingHandlerMapping:543 - Mapped "{[/retur/tambah-obat],methods=[POST]}" onto public id.edmaputra.uwati.view.handler.PembelianDetailHandler id.edmaputra.uwati.controller.transaksi.ReturController.tambahTerapi(id.edmaputra.uwati.view.handler.PembelianDetailHandler,org.springframework.validation.BindingResult,java.security.Principal,javax.servlet.http.HttpServletRequest)
2018-01-21 14:29:50 INFO  RequestMappingHandlerMapping:543 - Mapped "{[/retur/dapatkanobat],methods=[GET]}" onto public id.edmaputra.uwati.view.handler.PembelianDetailHandler id.edmaputra.uwati.controller.transaksi.ReturController.dapatkanObat(java.lang.String,java.lang.String)
2018-01-21 14:29:50 INFO  RequestMappingHandlerMapping:543 - Mapped "{[/retur/batal-retur],methods=[POST]}" onto public id.edmaputra.uwati.view.handler.PembelianDetailHandler id.edmaputra.uwati.controller.transaksi.ReturController.hapusObat(id.edmaputra.uwati.view.handler.PembelianDetailHandler,org.springframework.validation.BindingResult,java.security.Principal,javax.servlet.http.HttpServletRequest)
2018-01-21 14:29:50 INFO  RequestMappingHandlerMapping:543 - Mapped "{[/retur],methods=[GET]}" onto public org.springframework.web.servlet.ModelAndView id.edmaputra.uwati.controller.transaksi.ReturController.tampilkanPage(java.security.Principal,javax.servlet.http.HttpServletRequest)
2018-01-21 14:29:50 INFO  RequestMappingHandlerMapping:543 - Mapped "{[/retur/dapatkan],methods=[GET]}" onto public id.edmaputra.uwati.view.handler.PembelianDetailHandler id.edmaputra.uwati.controller.transaksi.ReturController.dapatkan(java.lang.String)
2018-01-21 14:29:50 INFO  RequestMappingHandlerMapping:543 - Mapped "{[/utang-piutang],methods=[GET]}" onto public org.springframework.web.servlet.ModelAndView id.edmaputra.uwati.controller.transaksi.UtangPiutangController.tampilkanPageUtangPiutang(java.security.Principal,javax.servlet.http.HttpServletRequest)
2018-01-21 14:29:50 INFO  RequestMappingHandlerMapping:543 - Mapped "{[/utang-piutang/daftar],methods=[GET]}" onto public id.edmaputra.uwati.view.HtmlElement id.edmaputra.uwati.controller.transaksi.UtangPiutangController.daftar(java.lang.Integer,java.lang.Integer,java.lang.String,java.lang.String,java.lang.String,javax.servlet.http.HttpServletRequest,javax.servlet.http.HttpServletResponse)
2018-01-21 14:29:50 INFO  RequestMappingHandlerMapping:543 - Mapped "{[/utang-piutang/bayar],methods=[POST]}" onto public id.edmaputra.uwati.view.handler.PembelianDetailHandler id.edmaputra.uwati.controller.transaksi.UtangPiutangController.simpanPembelian(id.edmaputra.uwati.view.handler.PembelianDetailHandler,org.springframework.validation.BindingResult,java.security.Principal,javax.servlet.http.HttpServletRequest)
2018-01-21 14:29:50 INFO  RequestMappingHandlerMapping:543 - Mapped "{[/utang-piutang/dapatkan],methods=[GET]}" onto public id.edmaputra.uwati.view.handler.PembelianDetailHandler id.edmaputra.uwati.controller.transaksi.UtangPiutangController.dapatkan(java.lang.String,int)
2018-01-21 14:29:50 INFO  SimpleUrlHandlerMapping:362 - Mapped URL path [/static/**] onto handler of type [class org.springframework.web.servlet.resource.ResourceHttpRequestHandler]
2018-01-21 14:29:50 INFO  RequestMappingHandlerAdapter:534 - Looking for @ControllerAdvice: Root WebApplicationContext: startup date [Sun Jan 21 14:29:41 SGT 2018]; root of context hierarchy
2018-01-21 14:29:50 INFO  TilesAccess:93 - Publishing TilesContext for context: org.springframework.web.servlet.view.tiles3.SpringWildcardServletTilesApplicationContext
2018-01-21 14:29:50 INFO  ContextLoader:344 - Root WebApplicationContext: initialization completed in 8941 ms
2018-01-21 14:29:50 INFO  DispatcherServlet:489 - FrameworkServlet 'dispatcher': initialization started
2018-01-21 14:29:50 INFO  AnnotationConfigWebApplicationContext:582 - Refreshing WebApplicationContext for namespace 'dispatcher-servlet': startup date [Sun Jan 21 14:29:50 SGT 2018]; parent: Root WebApplicationContext
2018-01-21 14:29:50 INFO  AutowiredAnnotationBeanPostProcessor:155 - JSR-330 'javax.inject.Inject' annotation found and supported for autowiring
2018-01-21 14:29:50 INFO  DispatcherServlet:508 - FrameworkServlet 'dispatcher': initialization completed in 79 ms
2018-01-21 14:47:46 INFO  ContextLoader:304 - Root WebApplicationContext: initialization started
2018-01-21 14:47:46 INFO  AnnotationConfigWebApplicationContext:582 - Refreshing Root WebApplicationContext: startup date [Sun Jan 21 14:47:46 SGT 2018]; root of context hierarchy
2018-01-21 14:47:46 INFO  AnnotationConfigWebApplicationContext:207 - Registering annotated classes: [class id.edmaputra.uwati.UwatiAppConfiguration,class id.edmaputra.uwati.UwatiServletConfiguration,class id.edmaputra.uwati.UwatiSecurityWebApplicationInitializer]
2018-01-21 14:47:46 INFO  XmlBeanDefinitionReader:317 - Loading XML bean definitions from class path resource [security-context.xml]
2018-01-21 14:47:46 INFO  SpringSecurityCoreVersion:75 - You are running with Spring Security Core 4.2.2.RELEASE
2018-01-21 14:47:46 INFO  SecurityNamespaceHandler:78 - Spring Security 'config' module version is 4.2.2.RELEASE
2018-01-21 14:47:46 INFO  FilterInvocationSecurityMetadataSourceParser:194 - Creating access control expression attribute 'isAuthenticated()' for /
2018-01-21 14:47:46 INFO  FilterInvocationSecurityMetadataSourceParser:194 - Creating access control expression attribute 'permitAll' for /masuk
2018-01-21 14:47:46 INFO  FilterInvocationSecurityMetadataSourceParser:194 - Creating access control expression attribute 'isAuthenticated() and hasAnyRole('ADMIN','APOTIK')' for /satuan**
2018-01-21 14:47:46 INFO  FilterInvocationSecurityMetadataSourceParser:194 - Creating access control expression attribute 'isAuthenticated() and hasAnyRole('ADMIN','APOTIK')' for /satuan/dapatkan**
2018-01-21 14:47:46 INFO  FilterInvocationSecurityMetadataSourceParser:194 - Creating access control expression attribute 'isAuthenticated() and hasAnyRole('ADMIN','APOTIK')' for /satuan/daftar**
2018-01-21 14:47:46 INFO  FilterInvocationSecurityMetadataSourceParser:194 - Creating access control expression attribute 'isAuthenticated() and hasAnyRole('ADMIN','APOTIK')' for /satuan/tambah**
2018-01-21 14:47:46 INFO  FilterInvocationSecurityMetadataSourceParser:194 - Creating access control expression attribute 'isAuthenticated() and hasAnyRole('ADMIN','APOTIK')' for /satuan/edit**
2018-01-21 14:47:46 INFO  FilterInvocationSecurityMetadataSourceParser:194 - Creating access control expression attribute 'isAuthenticated() and hasAnyRole('ADMIN','APOTIK')' for /satuan/hapus**
2018-01-21 14:47:46 INFO  FilterInvocationSecurityMetadataSourceParser:194 - Creating access control expression attribute 'isAuthenticated() and hasAnyRole('ADMIN','APOTIK')' for /profil**
2018-01-21 14:47:46 INFO  FilterInvocationSecurityMetadataSourceParser:194 - Creating access control expression attribute 'isAuthenticated() and hasAnyRole('ADMIN','APOTIK')' for /profil/simpan**
2018-01-21 14:47:46 INFO  FilterInvocationSecurityMetadataSourceParser:194 - Creating access control expression attribute 'isAuthenticated() and hasAnyRole('ADMIN','APOTIK')' for /profil/dapatkan**
2018-01-21 14:47:46 INFO  FilterInvocationSecurityMetadataSourceParser:194 - Creating access control expression attribute 'isAuthenticated() and hasAnyRole('ADMIN')' for /kategori**
2018-01-21 14:47:46 INFO  FilterInvocationSecurityMetadataSourceParser:194 - Creating access control expression attribute 'isAuthenticated() and hasAnyRole('ADMIN')' for /kategori/dapatkan**
2018-01-21 14:47:46 INFO  FilterInvocationSecurityMetadataSourceParser:194 - Creating access control expression attribute 'isAuthenticated() and hasAnyRole('ADMIN')' for /kategori/daftar**
2018-01-21 14:47:46 INFO  FilterInvocationSecurityMetadataSourceParser:194 - Creating access control expression attribute 'isAuthenticated() and hasAnyRole('ADMIN')' for /kategori/tambah**
2018-01-21 14:47:46 INFO  FilterInvocationSecurityMetadataSourceParser:194 - Creating access control expression attribute 'isAuthenticated() and hasAnyRole('ADMIN')' for /kategori/edit**
2018-01-21 14:47:46 INFO  FilterInvocationSecurityMetadataSourceParser:194 - Creating access control expression attribute 'isAuthenticated() and hasAnyRole('ADMIN')' for /kategori/hapus**
2018-01-21 14:47:46 INFO  FilterInvocationSecurityMetadataSourceParser:194 - Creating access control expression attribute 'isAuthenticated() and hasAnyRole('ADMIN')' for /karyawan**
2018-01-21 14:47:46 INFO  FilterInvocationSecurityMetadataSourceParser:194 - Creating access control expression attribute 'isAuthenticated() and hasAnyRole('ADMIN')' for /karyawanr/dapatkan**
2018-01-21 14:47:46 INFO  FilterInvocationSecurityMetadataSourceParser:194 - Creating access control expression attribute 'isAuthenticated() and hasAnyRole('ADMIN')' for /karyawan/daftar**
2018-01-21 14:47:46 INFO  FilterInvocationSecurityMetadataSourceParser:194 - Creating access control expression attribute 'isAuthenticated() and hasAnyRole('ADMIN')' for /karyawan/tambah**
2018-01-21 14:47:46 INFO  FilterInvocationSecurityMetadataSourceParser:194 - Creating access control expression attribute 'isAuthenticated() and hasAnyRole('ADMIN')' for /karyawan/edit**
2018-01-21 14:47:46 INFO  FilterInvocationSecurityMetadataSourceParser:194 - Creating access control expression attribute 'isAuthenticated() and hasAnyRole('ADMIN')' for /karyawan/hapus**
2018-01-21 14:47:46 INFO  FilterInvocationSecurityMetadataSourceParser:194 - Creating access control expression attribute 'isAuthenticated() and hasAnyRole('ADMIN','APOTIK')' for /pelanggan**
2018-01-21 14:47:46 INFO  FilterInvocationSecurityMetadataSourceParser:194 - Creating access control expression attribute 'isAuthenticated() and hasAnyRole('ADMIN','APOTIK')' for /pelanggan/dapatkan**
2018-01-21 14:47:46 INFO  FilterInvocationSecurityMetadataSourceParser:194 - Creating access control expression attribute 'isAuthenticated() and hasAnyRole('ADMIN','APOTIK')' for /pelanggan/daftar**
2018-01-21 14:47:46 INFO  FilterInvocationSecurityMetadataSourceParser:194 - Creating access control expression attribute 'isAuthenticated() and hasAnyRole('ADMIN','APOTIK')' for /pelanggan/tambah**
2018-01-21 14:47:46 INFO  FilterInvocationSecurityMetadataSourceParser:194 - Creating access control expression attribute 'isAuthenticated() and hasAnyRole('ADMIN','APOTIK')' for /pelanggan/edit**
2018-01-21 14:47:46 INFO  FilterInvocationSecurityMetadataSourceParser:194 - Creating access control expression attribute 'isAuthenticated() and hasAnyRole('ADMIN')' for /pelanggan/hapus**
2018-01-21 14:47:46 INFO  FilterInvocationSecurityMetadataSourceParser:194 - Creating access control expression attribute 'isAuthenticated() and hasAnyRole('ADMIN','APOTIK')' for /obat**
2018-01-21 14:47:46 INFO  FilterInvocationSecurityMetadataSourceParser:194 - Creating access control expression attribute 'isAuthenticated() and hasAnyRole('ADMIN','APOTIK')' for /obat/dapatkan**
2018-01-21 14:47:46 INFO  FilterInvocationSecurityMetadataSourceParser:194 - Creating access control expression attribute 'isAuthenticated() and hasAnyRole('ADMIN','APOTIK')' for /obat/daftar**
2018-01-21 14:47:46 INFO  FilterInvocationSecurityMetadataSourceParser:194 - Creating access control expression attribute 'isAuthenticated() and hasAnyRole('ADMIN','APOTIK')' for /obat/tambah**
2018-01-21 14:47:46 INFO  FilterInvocationSecurityMetadataSourceParser:194 - Creating access control expression attribute 'isAuthenticated() and hasAnyRole('ADMIN','APOTIK')' for /obat/edit**
2018-01-21 14:47:46 INFO  FilterInvocationSecurityMetadataSourceParser:194 - Creating access control expression attribute 'isAuthenticated() and hasAnyRole('ADMIN')' for /obat/hapus**
2018-01-21 14:47:46 INFO  FilterInvocationSecurityMetadataSourceParser:194 - Creating access control expression attribute 'isAuthenticated() and hasAnyRole('ADMIN','APOTIK')' for /racikan**
2018-01-21 14:47:46 INFO  FilterInvocationSecurityMetadataSourceParser:194 - Creating access control expression attribute 'isAuthenticated() and hasAnyRole('ADMIN','APOTIK')' for /racikan/dapatkan**
2018-01-21 14:47:46 INFO  FilterInvocationSecurityMetadataSourceParser:194 - Creating access control expression attribute 'isAuthenticated() and hasAnyRole('ADMIN','APOTIK')' for /racikan/daftar**
2018-01-21 14:47:46 INFO  FilterInvocationSecurityMetadataSourceParser:194 - Creating access control expression attribute 'isAuthenticated() and hasAnyRole('ADMIN','APOTIK')' for /racikan/tambah**
2018-01-21 14:47:46 INFO  FilterInvocationSecurityMetadataSourceParser:194 - Creating access control expression attribute 'isAuthenticated() and hasAnyRole('ADMIN','APOTIK')' for /racikan/edit**
2018-01-21 14:47:46 INFO  FilterInvocationSecurityMetadataSourceParser:194 - Creating access control expression attribute 'isAuthenticated() and hasAnyRole('ADMIN')' for /racikan/hapus**
2018-01-21 14:47:46 INFO  FilterInvocationSecurityMetadataSourceParser:194 - Creating access control expression attribute 'isAuthenticated() and hasAnyRole('ADMIN','APOTIK')' for /tindakan**
2018-01-21 14:47:46 INFO  FilterInvocationSecurityMetadataSourceParser:194 - Creating access control expression attribute 'isAuthenticated() and hasAnyRole('ADMIN','APOTIK')' for /tindakan/dapatkan**
2018-01-21 14:47:46 INFO  FilterInvocationSecurityMetadataSourceParser:194 - Creating access control expression attribute 'isAuthenticated() and hasAnyRole('ADMIN','APOTIK')' for /tindakan/daftar**
2018-01-21 14:47:46 INFO  FilterInvocationSecurityMetadataSourceParser:194 - Creating access control expression attribute 'isAuthenticated() and hasAnyRole('ADMIN','APOTIK')' for /tindakan/tambah**
2018-01-21 14:47:46 INFO  FilterInvocationSecurityMetadataSourceParser:194 - Creating access control expression attribute 'isAuthenticated() and hasAnyRole('ADMIN','APOTIK')' for /tindakan/edit**
2018-01-21 14:47:46 INFO  FilterInvocationSecurityMetadataSourceParser:194 - Creating access control expression attribute 'isAuthenticated() and hasAnyRole('ADMIN')' for /tindakan/hapus**
2018-01-21 14:47:46 INFO  FilterInvocationSecurityMetadataSourceParser:194 - Creating access control expression attribute 'isAuthenticated() and hasAnyRole('ADMIN','APOTIK')' for /diagnosa**
2018-01-21 14:47:46 INFO  FilterInvocationSecurityMetadataSourceParser:194 - Creating access control expression attribute 'isAuthenticated() and hasAnyRole('ADMIN','APOTIK')' for /diagnosa/dapatkan**
2018-01-21 14:47:46 INFO  FilterInvocationSecurityMetadataSourceParser:194 - Creating access control expression attribute 'isAuthenticated() and hasAnyRole('ADMIN','APOTIK')' for /diagnosa/daftar**
2018-01-21 14:47:46 INFO  FilterInvocationSecurityMetadataSourceParser:194 - Creating access control expression attribute 'isAuthenticated() and hasAnyRole('ADMIN','APOTIK')' for /diagnosa/tambah**
2018-01-21 14:47:46 INFO  FilterInvocationSecurityMetadataSourceParser:194 - Creating access control expression attribute 'isAuthenticated() and hasAnyRole('ADMIN','APOTIK')' for /diagnosa/edit**
2018-01-21 14:47:46 INFO  FilterInvocationSecurityMetadataSourceParser:194 - Creating access control expression attribute 'isAuthenticated() and hasAnyRole('ADMIN')' for /diagnosa/hapus**
2018-01-21 14:47:46 INFO  FilterInvocationSecurityMetadataSourceParser:194 - Creating access control expression attribute 'isAuthenticated() and hasAnyRole('ADMIN','MEDIS')' for /pasien**
2018-01-21 14:47:46 INFO  FilterInvocationSecurityMetadataSourceParser:194 - Creating access control expression attribute 'isAuthenticated() and hasAnyRole('ADMIN','MEDIS')' for /pasien/dapatkan**
2018-01-21 14:47:46 INFO  FilterInvocationSecurityMetadataSourceParser:194 - Creating access control expression attribute 'isAuthenticated() and hasAnyRole('ADMIN','MEDIS')' for /pasien/daftar**
2018-01-21 14:47:46 INFO  FilterInvocationSecurityMetadataSourceParser:194 - Creating access control expression attribute 'isAuthenticated() and hasAnyRole('ADMIN','MEDIS')' for /pasien/tambah**
2018-01-21 14:47:46 INFO  FilterInvocationSecurityMetadataSourceParser:194 - Creating access control expression attribute 'isAuthenticated() and hasAnyRole('ADMIN','MEDIS')' for /pasien/edit**
2018-01-21 14:47:46 INFO  FilterInvocationSecurityMetadataSourceParser:194 - Creating access control expression attribute 'isAuthenticated() and hasAnyRole('ADMIN')' for /pasien/hapus**
2018-01-21 14:47:46 INFO  FilterInvocationSecurityMetadataSourceParser:194 - Creating access control expression attribute 'isAuthenticated() and hasAnyRole('ADMIN')' for /kategori-pasien**
2018-01-21 14:47:46 INFO  FilterInvocationSecurityMetadataSourceParser:194 - Creating access control expression attribute 'isAuthenticated() and hasAnyRole('ADMIN')' for /kategori-pasien/dapatkan**
2018-01-21 14:47:46 INFO  FilterInvocationSecurityMetadataSourceParser:194 - Creating access control expression attribute 'isAuthenticated() and hasAnyRole('ADMIN')' for /kategori-pasien/daftar**
2018-01-21 14:47:46 INFO  FilterInvocationSecurityMetadataSourceParser:194 - Creating access control expression attribute 'isAuthenticated() and hasAnyRole('ADMIN')' for /kategori-pasien/tambah**
2018-01-21 14:47:46 INFO  FilterInvocationSecurityMetadataSourceParser:194 - Creating access control expression attribute 'isAuthenticated() and hasAnyRole('ADMIN')' for /kategori-pasien/edit**
2018-01-21 14:47:46 INFO  FilterInvocationSecurityMetadataSourceParser:194 - Creating access control expression attribute 'isAuthenticated() and hasAnyRole('ADMIN')' for /kategori-pasien/hapus**
2018-01-21 14:47:46 INFO  FilterInvocationSecurityMetadataSourceParser:194 - Creating access control expression attribute 'isAuthenticated() and permitAll' for /pengguna**
2018-01-21 14:47:46 INFO  FilterInvocationSecurityMetadataSourceParser:194 - Creating access control expression attribute 'isAuthenticated() and permitAll' for /pengguna/simpan**
2018-01-21 14:47:46 INFO  FilterInvocationSecurityMetadataSourceParser:194 - Creating access control expression attribute 'isAuthenticated() and hasAnyRole('ADMIN')' for /daftarpengguna**
2018-01-21 14:47:46 INFO  FilterInvocationSecurityMetadataSourceParser:194 - Creating access control expression attribute 'isAuthenticated() and hasAnyRole('ADMIN')' for /daftarpengguna/daftar**
2018-01-21 14:47:46 INFO  FilterInvocationSecurityMetadataSourceParser:194 - Creating access control expression attribute 'isAuthenticated() and hasAnyRole('ADMIN')' for /daftarpengguna/dapatkan**
2018-01-21 14:47:46 INFO  FilterInvocationSecurityMetadataSourceParser:194 - Creating access control expression attribute 'isAuthenticated() and hasAnyRole('ADMIN')' for /daftarpengguna/semua**
2018-01-21 14:47:46 INFO  FilterInvocationSecurityMetadataSourceParser:194 - Creating access control expression attribute 'isAuthenticated() and hasAnyRole('ADMIN')' for /daftarpengguna/tambah**
2018-01-21 14:47:46 INFO  FilterInvocationSecurityMetadataSourceParser:194 - Creating access control expression attribute 'isAuthenticated() and hasAnyRole('ADMIN')' for /daftarpengguna/edit**
2018-01-21 14:47:46 INFO  FilterInvocationSecurityMetadataSourceParser:194 - Creating access control expression attribute 'isAuthenticated() and hasAnyRole('ADMIN')' for /daftarpengguna/hapus**
2018-01-21 14:47:46 INFO  FilterInvocationSecurityMetadataSourceParser:194 - Creating access control expression attribute 'isAuthenticated() and hasAnyRole('ADMIN')' for /role**
2018-01-21 14:47:46 INFO  FilterInvocationSecurityMetadataSourceParser:194 - Creating access control expression attribute 'isAuthenticated() and hasAnyRole('ADMIN')' for /role/daftar**
2018-01-21 14:47:46 INFO  FilterInvocationSecurityMetadataSourceParser:194 - Creating access control expression attribute 'isAuthenticated() and hasAnyRole('ADMIN')' for /role/dapatkan**
2018-01-21 14:47:46 INFO  FilterInvocationSecurityMetadataSourceParser:194 - Creating access control expression attribute 'isAuthenticated() and permitAll' for /role/nama**
2018-01-21 14:47:46 INFO  FilterInvocationSecurityMetadataSourceParser:194 - Creating access control expression attribute 'isAuthenticated() and permitAll' for /role/semua**
2018-01-21 14:47:46 INFO  FilterInvocationSecurityMetadataSourceParser:194 - Creating access control expression attribute 'isAuthenticated() and hasAnyRole('ADMIN')' for /role/tambah**
2018-01-21 14:47:46 INFO  FilterInvocationSecurityMetadataSourceParser:194 - Creating access control expression attribute 'isAuthenticated() and hasAnyRole('ADMIN')' for /role/edit**
2018-01-21 14:47:46 INFO  FilterInvocationSecurityMetadataSourceParser:194 - Creating access control expression attribute 'isAuthenticated() and hasAnyRole('ADMIN')' for /role/hapus**
2018-01-21 14:47:46 INFO  FilterInvocationSecurityMetadataSourceParser:194 - Creating access control expression attribute 'isAuthenticated() and hasAnyRole('ADMIN','APOTIK')' for /pembelian-obat**
2018-01-21 14:47:46 INFO  FilterInvocationSecurityMetadataSourceParser:194 - Creating access control expression attribute 'isAuthenticated() and hasAnyRole('ADMIN','APOTIK')' for /pembelian-obat/cariobat**
2018-01-21 14:47:46 INFO  FilterInvocationSecurityMetadataSourceParser:194 - Creating access control expression attribute 'isAuthenticated() and hasAnyRole('ADMIN','APOTIK')' for /pembelian-obat/tambahTemp**
2018-01-21 14:47:46 INFO  FilterInvocationSecurityMetadataSourceParser:194 - Creating access control expression attribute 'isAuthenticated() and hasAnyRole('ADMIN','APOTIK')' for /pembelian-obat/daftarTemp**
2018-01-21 14:47:46 INFO  FilterInvocationSecurityMetadataSourceParser:194 - Creating access control expression attribute 'isAuthenticated() and hasAnyRole('ADMIN','APOTIK')' for /pembelian-obat/hapusTemp**
2018-01-21 14:47:46 INFO  FilterInvocationSecurityMetadataSourceParser:194 - Creating access control expression attribute 'isAuthenticated() and hasAnyRole('ADMIN','APOTIK')' for /pembelian-obat/beli**
2018-01-21 14:47:46 INFO  FilterInvocationSecurityMetadataSourceParser:194 - Creating access control expression attribute 'isAuthenticated() and hasAnyRole('ADMIN','APOTIK')' for /pembelian-obat/tersedia**
2018-01-21 14:47:46 INFO  FilterInvocationSecurityMetadataSourceParser:194 - Creating access control expression attribute 'isAuthenticated() and hasAnyRole('ADMIN','APOTIK')' for /pembelian-obat/cetak**
2018-01-21 14:47:46 INFO  FilterInvocationSecurityMetadataSourceParser:194 - Creating access control expression attribute 'isAuthenticated() and hasAnyRole('ADMIN','APOTIK')' for /penjualan-obat**
2018-01-21 14:47:46 INFO  FilterInvocationSecurityMetadataSourceParser:194 - Creating access control expression attribute 'isAuthenticated() and hasAnyRole('ADMIN','APOTIK')' for /penjualan-obat/tambahTemp**
2018-01-21 14:47:46 INFO  FilterInvocationSecurityMetadataSourceParser:194 - Creating access control expression attribute 'isAuthenticated() and hasAnyRole('ADMIN','APOTIK')' for /penjualan-obat/racikanTemp**
2018-01-21 14:47:46 INFO  FilterInvocationSecurityMetadataSourceParser:194 - Creating access control expression attribute 'isAuthenticated() and hasAnyRole('ADMIN','APOTIK')' for /penjualan-obat/daftarTemp**
2018-01-21 14:47:46 INFO  FilterInvocationSecurityMetadataSourceParser:194 - Creating access control expression attribute 'isAuthenticated() and hasAnyRole('ADMIN','APOTIK')' for /penjualan-obat/hapusTemp**
2018-01-21 14:47:46 INFO  FilterInvocationSecurityMetadataSourceParser:194 - Creating access control expression attribute 'isAuthenticated() and hasAnyRole('ADMIN','APOTIK')' for /penjualan-obat/jual**
2018-01-21 14:47:46 INFO  FilterInvocationSecurityMetadataSourceParser:194 - Creating access control expression attribute 'isAuthenticated() and hasAnyRole('ADMIN','APOTIK')' for /penjualan-obat/cetak**
2018-01-21 14:47:46 INFO  FilterInvocationSecurityMetadataSourceParser:194 - Creating access control expression attribute 'isAuthenticated() and hasAnyRole('ADMIN')' for /utang-piutang**
2018-01-21 14:47:46 INFO  FilterInvocationSecurityMetadataSourceParser:194 - Creating access control expression attribute 'isAuthenticated() and hasAnyRole('ADMIN')' for /utang-piutang/dapatkan**
2018-01-21 14:47:46 INFO  FilterInvocationSecurityMetadataSourceParser:194 - Creating access control expression attribute 'isAuthenticated() and hasAnyRole('ADMIN')' for /utang-piutang/bayar**
2018-01-21 14:47:46 INFO  FilterInvocationSecurityMetadataSourceParser:194 - Creating access control expression attribute 'isAuthenticated() and hasAnyRole('ADMIN')' for /retur**
2018-01-21 14:47:46 INFO  FilterInvocationSecurityMetadataSourceParser:194 - Creating access control expression attribute 'isAuthenticated() and hasAnyRole('ADMIN')' for /retur/dapatkan**
2018-01-21 14:47:46 INFO  HttpSecurityBeanDefinitionParser:306 - Checking sorted filter chain: [Root bean: class [org.springframework.security.web.context.SecurityContextPersistenceFilter]; scope=; abstract=false; lazyInit=false; autowireMode=0; dependencyCheck=0; autowireCandidate=true; primary=false; factoryBeanName=null; factoryMethodName=null; initMethodName=null; destroyMethodName=null, order = 200, Root bean: class [org.springframework.security.web.context.request.async.WebAsyncManagerIntegrationFilter]; scope=; abstract=false; lazyInit=false; autowireMode=0; dependencyCheck=0; autowireCandidate=true; primary=false; factoryBeanName=null; factoryMethodName=null; initMethodName=null; destroyMethodName=null, order = 400, Root bean: class [org.springframework.security.web.header.HeaderWriterFilter]; scope=; abstract=false; lazyInit=false; autowireMode=0; dependencyCheck=0; autowireCandidate=true; primary=false; factoryBeanName=null; factoryMethodName=null; initMethodName=null; destroyMethodName=null, order = 500, Root bean: class [org.springframework.security.web.authentication.logout.LogoutFilter]; scope=; abstract=false; lazyInit=false; autowireMode=0; dependencyCheck=0; autowireCandidate=true; primary=false; factoryBeanName=null; factoryMethodName=null; initMethodName=null; destroyMethodName=null, order = 800, <org.springframework.security.web.authentication.UsernamePasswordAuthenticationFilter#0>, order = 1200, Root bean: class [org.springframework.security.web.authentication.www.BasicAuthenticationFilter]; scope=; abstract=false; lazyInit=false; autowireMode=0; dependencyCheck=0; autowireCandidate=true; primary=false; factoryBeanName=null; factoryMethodName=null; initMethodName=null; destroyMethodName=null, order = 1600, Root bean: class [org.springframework.security.web.savedrequest.RequestCacheAwareFilter]; scope=; abstract=false; lazyInit=false; autowireMode=0; dependencyCheck=0; autowireCandidate=true; primary=false; factoryBeanName=null; factoryMethodName=null; initMethodName=null; destroyMethodName=null, order = 1700, Root bean: class [null]; scope=; abstract=false; lazyInit=false; autowireMode=0; dependencyCheck=0; autowireCandidate=true; primary=false; factoryBeanName=org.springframework.security.config.http.HttpConfigurationBuilder$SecurityContextHolderAwareRequestFilterBeanFactory#0; factoryMethodName=getBean; initMethodName=null; destroyMethodName=null, order = 1800, Root bean: class [org.springframework.security.web.authentication.AnonymousAuthenticationFilter]; scope=; abstract=false; lazyInit=false; autowireMode=0; dependencyCheck=0; autowireCandidate=true; primary=false; factoryBeanName=null; factoryMethodName=null; initMethodName=null; destroyMethodName=null, order = 2100, Root bean: class [org.springframework.security.web.session.SessionManagementFilter]; scope=; abstract=false; lazyInit=false; autowireMode=0; dependencyCheck=0; autowireCandidate=true; primary=false; factoryBeanName=null; factoryMethodName=null; initMethodName=null; destroyMethodName=null, order = 2200, Root bean: class [org.springframework.security.web.access.ExceptionTranslationFilter]; scope=; abstract=false; lazyInit=false; autowireMode=0; dependencyCheck=0; autowireCandidate=true; primary=false; factoryBeanName=null; factoryMethodName=null; initMethodName=null; destroyMethodName=null, order = 2300, <org.springframework.security.web.access.intercept.FilterSecurityInterceptor#0>, order = 2400]
2018-01-21 14:47:46 INFO  DefaultListableBeanFactory:828 - Overriding bean definition for bean 'customUserDetailService' with a different definition: replacing [Generic bean: class [id.edmaputra.uwati.service.security.CustomUserDetailService]; scope=singleton; abstract=false; lazyInit=false; autowireMode=0; dependencyCheck=0; autowireCandidate=true; primary=false; factoryBeanName=null; factoryMethodName=null; initMethodName=null; destroyMethodName=null; defined in file [C:\Users\BangunEdma\Documents\coding\oxygen-workplace\java-uwati\target\classes\id\edmaputra\uwati\service\security\CustomUserDetailService.class]] with [Generic bean: class [id.edmaputra.uwati.service.security.CustomUserDetailService]; scope=; abstract=false; lazyInit=false; autowireMode=0; dependencyCheck=0; autowireCandidate=true; primary=false; factoryBeanName=null; factoryMethodName=null; initMethodName=null; destroyMethodName=null; defined in class path resource [security-context.xml]]
2018-01-21 14:47:48 INFO  AutowiredAnnotationBeanPostProcessor:155 - JSR-330 'javax.inject.Inject' annotation found and supported for autowiring
2018-01-21 14:47:48 INFO  LocalContainerEntityManagerFactoryBean:349 - Building JPA container EntityManagerFactory for persistence unit 'default'
2018-01-21 14:47:48 INFO  LogHelper:31 - HHH000204: Processing PersistenceUnitInfo [
	name: default
	...]
2018-01-21 14:47:48 INFO  Version:45 - HHH000412: Hibernate Core {5.2.6.Final}
2018-01-21 14:47:48 INFO  Environment:213 - HHH000206: hibernate.properties not found
2018-01-21 14:47:48 INFO  Version:66 - HCANN000001: Hibernate Commons Annotations {5.0.1.Final}
2018-01-21 14:47:49 INFO  Dialect:157 - HHH000400: Using dialect: org.hibernate.dialect.MySQLDialect
2018-01-21 14:47:51 INFO  LocalContainerEntityManagerFactoryBean:379 - Initialized JPA EntityManagerFactory for persistence unit 'default'
2018-01-21 14:47:52 INFO  QueryTranslatorFactoryInitiator:47 - HHH000397: Using ASTQueryTranslatorFactory
2018-01-21 14:47:54 INFO  JasperReportsPdfView:500 - Loading pre-compiled Jasper Report from class path resource [reports/struk_penjualan.jasper]
2018-01-21 14:47:54 INFO  JasperReportsPdfView:500 - Loading pre-compiled Jasper Report from class path resource [reports/struk_pembelian.jasper]
2018-01-21 14:47:55 INFO  DefaultSecurityFilterChain:43 - Creating filter chain: org.springframework.security.web.util.matcher.AnyRequestMatcher@1, [org.springframework.security.web.context.SecurityContextPersistenceFilter@15619bc, org.springframework.security.web.context.request.async.WebAsyncManagerIntegrationFilter@35fe7587, org.springframework.security.web.header.HeaderWriterFilter@1d89089d, org.springframework.security.web.authentication.logout.LogoutFilter@2c4b649d, org.springframework.security.web.authentication.UsernamePasswordAuthenticationFilter@1856bb73, org.springframework.security.web.authentication.www.BasicAuthenticationFilter@dca8359, org.springframework.security.web.savedrequest.RequestCacheAwareFilter@42dbc48, org.springframework.security.web.servletapi.SecurityContextHolderAwareRequestFilter@5f971d6d, org.springframework.security.web.authentication.AnonymousAuthenticationFilter@401b8087, org.springframework.security.web.session.SessionManagementFilter@599aa637, org.springframework.security.web.access.ExceptionTranslationFilter@23b18a18, org.springframework.security.web.access.intercept.FilterSecurityInterceptor@4d06ce65]
2018-01-21 14:47:55 INFO  DefaultFilterChainValidator:154 - Checking whether login URL '/masuk' is accessible with your configuration
2018-01-21 14:47:55 INFO  RequestMappingHandlerMapping:543 - Mapped "{[/profil/simpan],methods=[POST]}" onto public id.edmaputra.uwati.entity.master.Apotek id.edmaputra.uwati.controller.ApotekController.simpan(id.edmaputra.uwati.view.handler.ApotekHandler,org.springframework.validation.BindingResult,java.security.Principal,javax.servlet.http.HttpServletRequest)
2018-01-21 14:47:55 INFO  RequestMappingHandlerMapping:543 - Mapped "{[/profil/dapatkan],methods=[GET]}" onto public id.edmaputra.uwati.entity.master.Apotek id.edmaputra.uwati.controller.ApotekController.dapatkanApotek()
2018-01-21 14:47:55 INFO  RequestMappingHandlerMapping:543 - Mapped "{[/profil],methods=[GET]}" onto public org.springframework.web.servlet.ModelAndView id.edmaputra.uwati.controller.ApotekController.muatHalaman(java.security.Principal,javax.servlet.http.HttpServletRequest)
2018-01-21 14:47:55 INFO  RequestMappingHandlerMapping:543 - Mapped "{[/diagnosa/b],methods=[GET]}" onto public id.edmaputra.uwati.view.HtmlElement id.edmaputra.uwati.controller.DiagnosaController.dapatkanDaftarForTransaksi(java.lang.Integer,java.lang.String,java.lang.String,javax.servlet.http.HttpServletRequest,javax.servlet.http.HttpServletResponse)
2018-01-21 14:47:55 INFO  RequestMappingHandlerMapping:543 - Mapped "{[/diagnosa/hapus],methods=[POST]}" onto public id.edmaputra.uwati.entity.master.obat.Diagnosa id.edmaputra.uwati.controller.DiagnosaController.hapus(id.edmaputra.uwati.entity.master.obat.Diagnosa,org.springframework.validation.BindingResult,java.security.Principal,javax.servlet.http.HttpServletRequest)
2018-01-21 14:47:55 INFO  RequestMappingHandlerMapping:543 - Mapped "{[/diagnosa/dapatkan],methods=[GET]}" onto public id.edmaputra.uwati.entity.master.obat.Diagnosa id.edmaputra.uwati.controller.DiagnosaController.dapatkan(java.lang.String)
2018-01-21 14:47:55 INFO  RequestMappingHandlerMapping:543 - Mapped "{[/diagnosa],methods=[GET]}" onto public org.springframework.web.servlet.ModelAndView id.edmaputra.uwati.controller.DiagnosaController.tampilkanPage(java.security.Principal,javax.servlet.http.HttpServletRequest)
2018-01-21 14:47:55 INFO  RequestMappingHandlerMapping:543 - Mapped "{[/diagnosa/edit],methods=[POST]}" onto public id.edmaputra.uwati.entity.master.obat.Diagnosa id.edmaputra.uwati.controller.DiagnosaController.edit(id.edmaputra.uwati.entity.master.obat.Diagnosa,org.springframework.validation.BindingResult,java.security.Principal,javax.servlet.http.HttpServletRequest)
2018-01-21 14:47:55 INFO  RequestMappingHandlerMapping:543 - Mapped "{[/diagnosa/ada],methods=[GET]}" onto public java.lang.Boolean id.edmaputra.uwati.controller.DiagnosaController.isAda(java.lang.String)
2018-01-21 14:47:55 INFO  RequestMappingHandlerMapping:543 - Mapped "{[/diagnosa/tambah],methods=[POST]}" onto public id.edmaputra.uwati.entity.master.obat.Diagnosa id.edmaputra.uwati.controller.DiagnosaController.tambah(id.edmaputra.uwati.entity.master.obat.Diagnosa,org.springframework.validation.BindingResult,java.security.Principal,javax.servlet.http.HttpServletRequest)
2018-01-21 14:47:55 INFO  RequestMappingHandlerMapping:543 - Mapped "{[/diagnosa/daftar],methods=[GET]}" onto public id.edmaputra.uwati.view.HtmlElement id.edmaputra.uwati.controller.DiagnosaController.tampilkanDaftar(java.lang.Integer,java.lang.String,javax.servlet.http.HttpServletRequest,javax.servlet.http.HttpServletResponse)
2018-01-21 14:47:55 INFO  RequestMappingHandlerMapping:543 - Mapped "{[/ || /masuk]}" onto public java.lang.String id.edmaputra.uwati.controller.IndexController.home(org.springframework.ui.Model)
2018-01-21 14:47:55 INFO  RequestMappingHandlerMapping:543 - Mapped "{[/keluar],methods=[GET]}" onto public java.lang.String id.edmaputra.uwati.controller.IndexController.keluar(javax.servlet.http.HttpServletRequest,javax.servlet.http.HttpServletResponse)
2018-01-21 14:47:55 INFO  RequestMappingHandlerMapping:543 - Mapped "{[/karyawan],methods=[GET]}" onto public org.springframework.web.servlet.ModelAndView id.edmaputra.uwati.controller.KaryawanController.tampilkanHalamanListKaryawan(java.security.Principal,javax.servlet.http.HttpServletRequest)
2018-01-21 14:47:55 INFO  RequestMappingHandlerMapping:543 - Mapped "{[/karyawan/suggest],methods=[GET]}" onto public id.edmaputra.uwati.view.json.Suggestion id.edmaputra.uwati.controller.KaryawanController.dapatkanKaryawanByNama(java.lang.String)
2018-01-21 14:47:55 INFO  RequestMappingHandlerMapping:543 - Mapped "{[/karyawan/daftar],methods=[GET]}" onto public id.edmaputra.uwati.view.HtmlElement id.edmaputra.uwati.controller.KaryawanController.tampilkanListKaryawan(java.lang.Integer,java.lang.String,javax.servlet.http.HttpServletRequest,javax.servlet.http.HttpServletResponse)
2018-01-21 14:47:55 INFO  RequestMappingHandlerMapping:543 - Mapped "{[/karyawan/ada],methods=[GET]}" onto public java.lang.Boolean id.edmaputra.uwati.controller.KaryawanController.isAda(java.lang.String)
2018-01-21 14:47:55 INFO  RequestMappingHandlerMapping:543 - Mapped "{[/karyawan/dapatkan],methods=[GET]}" onto public id.edmaputra.uwati.entity.master.Karyawan id.edmaputra.uwati.controller.KaryawanController.dapatkanKaryawan(java.lang.String)
2018-01-21 14:47:55 INFO  RequestMappingHandlerMapping:543 - Mapped "{[/karyawan/edit],methods=[POST]}" onto public id.edmaputra.uwati.entity.master.Karyawan id.edmaputra.uwati.controller.KaryawanController.editKaryawan(id.edmaputra.uwati.entity.master.Karyawan,org.springframework.validation.BindingResult,java.security.Principal,javax.servlet.http.HttpServletRequest)
2018-01-21 14:47:55 INFO  RequestMappingHandlerMapping:543 - Mapped "{[/karyawan/hapus],methods=[POST],produces=[application/json;charset=utf-8]}" onto public java.lang.String id.edmaputra.uwati.controller.KaryawanController.hapusKaryawan(id.edmaputra.uwati.entity.master.Karyawan,org.springframework.validation.BindingResult,java.security.Principal,javax.servlet.http.HttpServletRequest)
2018-01-21 14:47:55 INFO  RequestMappingHandlerMapping:543 - Mapped "{[/karyawan/tambah],methods=[POST]}" onto public id.edmaputra.uwati.entity.master.Karyawan id.edmaputra.uwati.controller.KaryawanController.tambahKaryawan(id.edmaputra.uwati.entity.master.Karyawan,org.springframework.validation.BindingResult,java.security.Principal,javax.servlet.http.HttpServletRequest)
2018-01-21 14:47:55 INFO  RequestMappingHandlerMapping:543 - Mapped "{[/kategori],methods=[GET]}" onto public org.springframework.web.servlet.ModelAndView id.edmaputra.uwati.controller.KategoriController.tampilkanKategori(java.security.Principal,javax.servlet.http.HttpServletRequest)
2018-01-21 14:47:55 INFO  RequestMappingHandlerMapping:543 - Mapped "{[/kategori/nama],methods=[GET]}" onto public id.edmaputra.uwati.view.json.Suggestion id.edmaputra.uwati.controller.KategoriController.dapatkanKategoriByNama(java.lang.String)
2018-01-21 14:47:55 INFO  RequestMappingHandlerMapping:543 - Mapped "{[/kategori/daftar],methods=[GET]}" onto public id.edmaputra.uwati.view.HtmlElement id.edmaputra.uwati.controller.KategoriController.dapatkanDaftarKategori(java.lang.Integer,java.lang.String,javax.servlet.http.HttpServletRequest,javax.servlet.http.HttpServletResponse)
2018-01-21 14:47:55 INFO  RequestMappingHandlerMapping:543 - Mapped "{[/kategori/semua],methods=[GET]}" onto public java.util.List<id.edmaputra.uwati.entity.master.Kategori> id.edmaputra.uwati.controller.KategoriController.dapatkanSemua()
2018-01-21 14:47:55 INFO  RequestMappingHandlerMapping:543 - Mapped "{[/kategori/ada],methods=[GET]}" onto public java.lang.Boolean id.edmaputra.uwati.controller.KategoriController.isAda(java.lang.String)
2018-01-21 14:47:55 INFO  RequestMappingHandlerMapping:543 - Mapped "{[/kategori/hapus],methods=[POST],produces=[application/json;charset=utf-8]}" onto public java.lang.String id.edmaputra.uwati.controller.KategoriController.hapusKategori(id.edmaputra.uwati.entity.master.Kategori,org.springframework.validation.BindingResult,java.security.Principal,javax.servlet.http.HttpServletRequest)
2018-01-21 14:47:55 INFO  RequestMappingHandlerMapping:543 - Mapped "{[/kategori/tambah],methods=[POST]}" onto public id.edmaputra.uwati.entity.master.Kategori id.edmaputra.uwati.controller.KategoriController.tambahKategori(id.edmaputra.uwati.entity.master.Kategori,org.springframework.validation.BindingResult,java.security.Principal,javax.servlet.http.HttpServletRequest)
2018-01-21 14:47:55 INFO  RequestMappingHandlerMapping:543 - Mapped "{[/kategori/edit],methods=[POST]}" onto public id.edmaputra.uwati.entity.master.Kategori id.edmaputra.uwati.controller.KategoriController.editKategori(id.edmaputra.uwati.entity.master.Kategori,org.springframework.validation.BindingResult,java.security.Principal,javax.servlet.http.HttpServletRequest)
2018-01-21 14:47:55 INFO  RequestMappingHandlerMapping:543 - Mapped "{[/kategori/dapatkan],methods=[GET]}" onto public id.edmaputra.uwati.entity.master.Kategori id.edmaputra.uwati.controller.KategoriController.dapatkanKategori(java.lang.String)
2018-01-21 14:47:55 INFO  RequestMappingHandlerMapping:543 - Mapped "{[/kategori-pasien],methods=[GET]}" onto public org.springframework.web.servlet.ModelAndView id.edmaputra.uwati.controller.KategoriPasienController.tampilkanKategori(java.security.Principal,javax.servlet.http.HttpServletRequest)
2018-01-21 14:47:55 INFO  RequestMappingHandlerMapping:543 - Mapped "{[/kategori-pasien/nama],methods=[GET]}" onto public id.edmaputra.uwati.view.json.Suggestion id.edmaputra.uwati.controller.KategoriPasienController.dapatkanKategoriByNama(java.lang.String)
2018-01-21 14:47:55 INFO  RequestMappingHandlerMapping:543 - Mapped "{[/kategori-pasien/daftar],methods=[GET]}" onto public id.edmaputra.uwati.view.HtmlElement id.edmaputra.uwati.controller.KategoriPasienController.dapatkanDaftarKategori(java.lang.Integer,java.lang.String,javax.servlet.http.HttpServletRequest,javax.servlet.http.HttpServletResponse)
2018-01-21 14:47:55 INFO  RequestMappingHandlerMapping:543 - Mapped "{[/kategori-pasien/semua],methods=[GET]}" onto public java.util.List<id.edmaputra.uwati.entity.pasien.KategoriPasien> id.edmaputra.uwati.controller.KategoriPasienController.dapatkanSemua()
2018-01-21 14:47:55 INFO  RequestMappingHandlerMapping:543 - Mapped "{[/kategori-pasien/ada],methods=[GET]}" onto public java.lang.Boolean id.edmaputra.uwati.controller.KategoriPasienController.isAda(java.lang.String)
2018-01-21 14:47:55 INFO  RequestMappingHandlerMapping:543 - Mapped "{[/kategori-pasien/hapus],methods=[POST],produces=[application/json;charset=utf-8]}" onto public java.lang.String id.edmaputra.uwati.controller.KategoriPasienController.hapusKategori(id.edmaputra.uwati.entity.pasien.KategoriPasien,org.springframework.validation.BindingResult,java.security.Principal,javax.servlet.http.HttpServletRequest)
2018-01-21 14:47:55 INFO  RequestMappingHandlerMapping:543 - Mapped "{[/kategori-pasien/tambah],methods=[POST]}" onto public id.edmaputra.uwati.entity.pasien.KategoriPasien id.edmaputra.uwati.controller.KategoriPasienController.tambahKategori(id.edmaputra.uwati.entity.pasien.KategoriPasien,org.springframework.validation.BindingResult,java.security.Principal,javax.servlet.http.HttpServletRequest)
2018-01-21 14:47:55 INFO  RequestMappingHandlerMapping:543 - Mapped "{[/kategori-pasien/edit],methods=[POST]}" onto public id.edmaputra.uwati.entity.pasien.KategoriPasien id.edmaputra.uwati.controller.KategoriPasienController.editKategori(id.edmaputra.uwati.entity.pasien.KategoriPasien,org.springframework.validation.BindingResult,java.security.Principal,javax.servlet.http.HttpServletRequest)
2018-01-21 14:47:55 INFO  RequestMappingHandlerMapping:543 - Mapped "{[/kategori-pasien/dapatkan],methods=[GET]}" onto public id.edmaputra.uwati.entity.pasien.KategoriPasien id.edmaputra.uwati.controller.KategoriPasienController.dapatkanKategori(java.lang.String)
2018-01-21 14:47:55 INFO  RequestMappingHandlerMapping:543 - Mapped "{[/obat-diagnosa],methods=[GET]}" onto public org.springframework.web.servlet.ModelAndView id.edmaputra.uwati.controller.laporan.LaporanObatDiagnosaController.tampilkanPelanggan(java.security.Principal,javax.servlet.http.HttpServletRequest)
2018-01-21 14:47:55 INFO  RequestMappingHandlerMapping:543 - Mapped "{[/obat-diagnosa/daftar],methods=[GET]}" onto public id.edmaputra.uwati.view.HtmlElement id.edmaputra.uwati.controller.laporan.LaporanObatDiagnosaController.daftar(java.lang.String,java.lang.String,javax.servlet.http.HttpServletRequest,javax.servlet.http.HttpServletResponse)
2018-01-21 14:47:55 INFO  RequestMappingHandlerMapping:543 - Mapped "{[/obat-diagnosa/daftar-rekap],methods=[GET]}" onto public id.edmaputra.uwati.view.HtmlElement id.edmaputra.uwati.controller.laporan.LaporanObatDiagnosaController.rekap(javax.servlet.http.HttpServletRequest,javax.servlet.http.HttpServletResponse)
2018-01-21 14:47:55 INFO  RequestMappingHandlerMapping:543 - Mapped "{[/laporan/pasien],methods=[GET]}" onto public org.springframework.web.servlet.ModelAndView id.edmaputra.uwati.controller.laporan.LaporanPasienController.tampilkanPelanggan(java.security.Principal,javax.servlet.http.HttpServletRequest)
2018-01-21 14:47:55 INFO  RequestMappingHandlerMapping:543 - Mapped "{[/laporan/pasien/daftar],methods=[GET]}" onto public id.edmaputra.uwati.view.HtmlElement id.edmaputra.uwati.controller.laporan.LaporanPasienController.daftar(java.lang.Integer,java.lang.Integer,java.lang.String,java.lang.String,java.lang.String,javax.servlet.http.HttpServletRequest,javax.servlet.http.HttpServletResponse)
2018-01-21 14:47:55 INFO  RequestMappingHandlerMapping:543 - Mapped "{[/laporan/pembelian],methods=[GET]}" onto public org.springframework.web.servlet.ModelAndView id.edmaputra.uwati.controller.laporan.LaporanPembelianController.tampilkanPelanggan(java.security.Principal,javax.servlet.http.HttpServletRequest)
2018-01-21 14:47:55 INFO  RequestMappingHandlerMapping:543 - Mapped "{[/laporan/pembelian/dapatkan],methods=[GET]}" onto public id.edmaputra.uwati.view.handler.PembelianDetailHandler id.edmaputra.uwati.controller.laporan.LaporanPembelianController.dapatkan(java.lang.String)
2018-01-21 14:47:55 INFO  RequestMappingHandlerMapping:543 - Mapped "{[/laporan/pembelian/daftar],methods=[GET]}" onto public id.edmaputra.uwati.view.HtmlElement id.edmaputra.uwati.controller.laporan.LaporanPembelianController.daftar(java.lang.Integer,java.lang.String,java.lang.String,java.lang.String,javax.servlet.http.HttpServletRequest,javax.servlet.http.HttpServletResponse)
2018-01-21 14:47:55 INFO  RequestMappingHandlerMapping:543 - Mapped "{[/laporan/pembelian/batal],methods=[POST]}" onto public id.edmaputra.uwati.entity.transaksi.BatalPembelian id.edmaputra.uwati.controller.laporan.LaporanPembelianController.batal(id.edmaputra.uwati.view.handler.PembelianDetailHandler,org.springframework.validation.BindingResult,java.security.Principal,javax.servlet.http.HttpServletRequest)
2018-01-21 14:47:55 INFO  RequestMappingHandlerMapping:543 - Mapped "{[/laporan/pembelian/dapatkan-rekap],methods=[GET]}" onto public id.edmaputra.uwati.view.handler.PembelianDetailHandler id.edmaputra.uwati.controller.laporan.LaporanPembelianController.dapatkanRekap(java.lang.Integer,java.lang.String,java.lang.String)
2018-01-21 14:47:55 INFO  RequestMappingHandlerMapping:543 - Mapped "{[/laporan/penjualan],methods=[GET]}" onto public org.springframework.web.servlet.ModelAndView id.edmaputra.uwati.controller.laporan.LaporanPenjualanController.tampilkanPelanggan(java.security.Principal,javax.servlet.http.HttpServletRequest)
2018-01-21 14:47:55 INFO  RequestMappingHandlerMapping:543 - Mapped "{[/laporan/penjualan/resi],methods=[POST]}" onto public org.springframework.web.servlet.ModelAndView id.edmaputra.uwati.controller.laporan.LaporanPenjualanController.buatResiDanCetakPenjualan(java.lang.String,org.springframework.web.servlet.ModelAndView,java.security.Principal)
2018-01-21 14:47:55 INFO  RequestMappingHandlerMapping:543 - Mapped "{[/laporan/penjualan/dapatkan],methods=[GET]}" onto public id.edmaputra.uwati.view.handler.PenjualanHandler id.edmaputra.uwati.controller.laporan.LaporanPenjualanController.dapatkan(java.lang.String)
2018-01-21 14:47:55 INFO  RequestMappingHandlerMapping:543 - Mapped "{[/laporan/penjualan/daftar],methods=[GET]}" onto public id.edmaputra.uwati.view.HtmlElement id.edmaputra.uwati.controller.laporan.LaporanPenjualanController.daftar(java.lang.Integer,java.lang.Integer,java.lang.String,java.lang.String,java.lang.String,javax.servlet.http.HttpServletRequest,javax.servlet.http.HttpServletResponse)
2018-01-21 14:47:55 INFO  RequestMappingHandlerMapping:543 - Mapped "{[/laporan/penjualan/batal],methods=[POST]}" onto public id.edmaputra.uwati.entity.transaksi.BatalPenjualan id.edmaputra.uwati.controller.laporan.LaporanPenjualanController.batal(id.edmaputra.uwati.view.handler.PenjualanHandler,org.springframework.validation.BindingResult,java.security.Principal,javax.servlet.http.HttpServletRequest)
2018-01-21 14:47:55 INFO  RequestMappingHandlerMapping:543 - Mapped "{[/laporan/penjualan/dapatkan-rekap],methods=[GET]}" onto public id.edmaputra.uwati.view.handler.PenjualanHandler id.edmaputra.uwati.controller.laporan.LaporanPenjualanController.dapatkanRekap(java.lang.Integer,java.lang.String,java.lang.String)
2018-01-21 14:47:55 INFO  RequestMappingHandlerMapping:543 - Mapped "{[/laporan/penjualan/excel-all],methods=[GET]}" onto public org.springframework.web.servlet.ModelAndView id.edmaputra.uwati.controller.laporan.LaporanPenjualanController.excelAll()
2018-01-21 14:47:55 INFO  RequestMappingHandlerMapping:543 - Mapped "{[/laporan/penjualan/excel],methods=[GET]}" onto public org.springframework.web.servlet.ModelAndView id.edmaputra.uwati.controller.laporan.LaporanPenjualanController.excel(javax.servlet.http.HttpServletRequest,javax.servlet.http.HttpServletResponse)
2018-01-21 14:47:55 INFO  RequestMappingHandlerMapping:543 - Mapped "{[/nomor-faktur/selesai],methods=[POST]}" onto public id.edmaputra.uwati.entity.transaksi.NomorFaktur id.edmaputra.uwati.controller.NomorFakturController.setSelesai(id.edmaputra.uwati.entity.transaksi.PenjualanDetailTemp,org.springframework.validation.BindingResult,java.security.Principal,javax.servlet.http.HttpServletRequest)
2018-01-21 14:47:55 INFO  RequestMappingHandlerMapping:543 - Mapped "{[/nomor-faktur/not-terpakai],methods=[POST]}" onto public id.edmaputra.uwati.entity.transaksi.NomorFaktur id.edmaputra.uwati.controller.NomorFakturController.setKondisi(id.edmaputra.uwati.entity.transaksi.PenjualanDetailTemp,org.springframework.validation.BindingResult,java.security.Principal,javax.servlet.http.HttpServletRequest)
2018-01-21 14:47:55 INFO  RequestMappingHandlerMapping:543 - Mapped "{[/obat/obat-tindakan],methods=[GET]}" onto public id.edmaputra.uwati.view.HtmlElement id.edmaputra.uwati.controller.ObatController.dapatkanDaftarForTransaksi(java.lang.Integer,java.lang.String,java.lang.String,javax.servlet.http.HttpServletRequest,javax.servlet.http.HttpServletResponse)
2018-01-21 14:47:55 INFO  RequestMappingHandlerMapping:543 - Mapped "{[/obat/daftar],methods=[GET]}" onto public id.edmaputra.uwati.view.HtmlElement id.edmaputra.uwati.controller.ObatController.dapatkanDaftarObat(java.lang.Integer,java.lang.String,javax.servlet.http.HttpServletRequest,javax.servlet.http.HttpServletResponse)
2018-01-21 14:47:55 INFO  RequestMappingHandlerMapping:543 - Mapped "{[/obat/obat],methods=[GET]}" onto public id.edmaputra.uwati.view.HtmlElement id.edmaputra.uwati.controller.ObatController.dapatkanDaftarObatForTransaksi(java.lang.Integer,java.lang.String,java.lang.String,javax.servlet.http.HttpServletRequest,javax.servlet.http.HttpServletResponse)
2018-01-21 14:47:55 INFO  RequestMappingHandlerMapping:543 - Mapped "{[/obat/cariobat],methods=[GET]}" onto public id.edmaputra.uwati.view.json.Suggestion id.edmaputra.uwati.controller.ObatController.suggestionObatByNama(java.lang.String)
2018-01-21 14:47:55 INFO  RequestMappingHandlerMapping:543 - Mapped "{[/obat/nama],methods=[GET]}" onto public id.edmaputra.uwati.entity.master.obat.Obat id.edmaputra.uwati.controller.ObatController.dapatkanObatByNama(java.lang.String)
2018-01-21 14:47:55 INFO  RequestMappingHandlerMapping:543 - Mapped "{[/obat/hapus],methods=[POST],produces=[application/json;charset=utf-8]}" onto public id.edmaputra.uwati.entity.master.obat.Obat id.edmaputra.uwati.controller.ObatController.hapusObat(id.edmaputra.uwati.view.handler.ObatHandler,org.springframework.validation.BindingResult,java.security.Principal,javax.servlet.http.HttpServletRequest)
2018-01-21 14:47:55 INFO  RequestMappingHandlerMapping:543 - Mapped "{[/obat],methods=[GET]}" onto public org.springframework.web.servlet.ModelAndView id.edmaputra.uwati.controller.ObatController.tampilkanObat(java.security.Principal,javax.servlet.http.HttpServletRequest)
2018-01-21 14:47:55 INFO  RequestMappingHandlerMapping:543 - Mapped "{[/obat/edit],methods=[POST]}" onto public id.edmaputra.uwati.entity.master.obat.Obat id.edmaputra.uwati.controller.ObatController.editObat(id.edmaputra.uwati.view.handler.ObatHandler,org.springframework.validation.BindingResult,java.security.Principal,javax.servlet.http.HttpServletRequest)
2018-01-21 14:47:55 INFO  RequestMappingHandlerMapping:543 - Mapped "{[/obat/tambah],methods=[POST]}" onto public id.edmaputra.uwati.entity.master.obat.Obat id.edmaputra.uwati.controller.ObatController.tambahObat(id.edmaputra.uwati.view.handler.ObatHandler,org.springframework.validation.BindingResult,java.security.Principal,javax.servlet.http.HttpServletRequest)
2018-01-21 14:47:55 INFO  RequestMappingHandlerMapping:543 - Mapped "{[/obat/dapatkan],methods=[GET]}" onto public id.edmaputra.uwati.entity.master.obat.Obat id.edmaputra.uwati.controller.ObatController.dapatkanObat(java.lang.String)
2018-01-21 14:47:55 INFO  RequestMappingHandlerMapping:543 - Mapped "{[/pasien/hapus],methods=[POST],produces=[application/json;charset=utf-8]}" onto public id.edmaputra.uwati.entity.pasien.Pasien id.edmaputra.uwati.controller.PasienController.hapus(id.edmaputra.uwati.view.handler.PasienHandler,org.springframework.validation.BindingResult,java.security.Principal,javax.servlet.http.HttpServletRequest)
2018-01-21 14:47:55 INFO  RequestMappingHandlerMapping:543 - Mapped "{[/pasien/{id}/rekam-medis],methods=[GET]}" onto public id.edmaputra.uwati.entity.pasien.Pasien id.edmaputra.uwati.controller.PasienController.rekamMedis(id.edmaputra.uwati.view.handler.PasienHandler,org.springframework.validation.BindingResult,java.security.Principal,javax.servlet.http.HttpServletRequest)
2018-01-21 14:47:55 INFO  RequestMappingHandlerMapping:543 - Mapped "{[/pasien],methods=[GET]}" onto public org.springframework.web.servlet.ModelAndView id.edmaputra.uwati.controller.PasienController.tampilkanPage(java.security.Principal,javax.servlet.http.HttpServletRequest)
2018-01-21 14:47:55 INFO  RequestMappingHandlerMapping:543 - Mapped "{[/pasien/edit],methods=[POST]}" onto public id.edmaputra.uwati.entity.pasien.Pasien id.edmaputra.uwati.controller.PasienController.edit(id.edmaputra.uwati.view.handler.PasienHandler,org.springframework.validation.BindingResult,java.security.Principal,javax.servlet.http.HttpServletRequest)
2018-01-21 14:47:55 INFO  RequestMappingHandlerMapping:543 - Mapped "{[/pasien/tersedia],methods=[GET]}" onto public java.lang.Boolean id.edmaputra.uwati.controller.PasienController.isAda(java.lang.String)
2018-01-21 14:47:55 INFO  RequestMappingHandlerMapping:543 - Mapped "{[/pasien/tambah],methods=[POST]}" onto public id.edmaputra.uwati.entity.pasien.Pasien id.edmaputra.uwati.controller.PasienController.tambah(id.edmaputra.uwati.view.handler.PasienHandler,org.springframework.validation.BindingResult,java.security.Principal,javax.servlet.http.HttpServletRequest)
2018-01-21 14:47:55 INFO  RequestMappingHandlerMapping:543 - Mapped "{[/pasien/daftar],methods=[GET]}" onto public id.edmaputra.uwati.view.HtmlElement id.edmaputra.uwati.controller.PasienController.tampilkanDaftar(java.lang.Integer,java.lang.Integer,java.lang.String,javax.servlet.http.HttpServletRequest,javax.servlet.http.HttpServletResponse)
2018-01-21 14:47:55 INFO  RequestMappingHandlerMapping:543 - Mapped "{[/pasien/dapatkan],methods=[GET]}" onto public id.edmaputra.uwati.entity.pasien.Pasien id.edmaputra.uwati.controller.PasienController.dapatkanEntity(java.lang.String)
2018-01-21 14:47:55 INFO  RequestMappingHandlerMapping:543 - Mapped "{[/pelanggan],methods=[GET]}" onto public org.springframework.web.servlet.ModelAndView id.edmaputra.uwati.controller.PelangganController.tampilkanPelanggan(java.security.Principal,javax.servlet.http.HttpServletRequest)
2018-01-21 14:47:55 INFO  RequestMappingHandlerMapping:543 - Mapped "{[/pelanggan/dapatkan],methods=[GET]}" onto public id.edmaputra.uwati.entity.master.Pelanggan id.edmaputra.uwati.controller.PelangganController.dapatkanPelanggan(java.lang.String)
2018-01-21 14:47:55 INFO  RequestMappingHandlerMapping:543 - Mapped "{[/pelanggan/daftar],methods=[GET]}" onto public id.edmaputra.uwati.view.HtmlElement id.edmaputra.uwati.controller.PelangganController.dapatkanDaftarPelanggan(java.lang.Integer,java.lang.String,javax.servlet.http.HttpServletRequest,javax.servlet.http.HttpServletResponse)
2018-01-21 14:47:55 INFO  RequestMappingHandlerMapping:543 - Mapped "{[/pelanggan/tambah],methods=[POST]}" onto public id.edmaputra.uwati.entity.master.Pelanggan id.edmaputra.uwati.controller.PelangganController.tambahPelanggan(id.edmaputra.uwati.entity.master.Pelanggan,org.springframework.validation.BindingResult,java.security.Principal,javax.servlet.http.HttpServletRequest)
2018-01-21 14:47:55 INFO  RequestMappingHandlerMapping:543 - Mapped "{[/pelanggan/edit],methods=[POST]}" onto public id.edmaputra.uwati.entity.master.Pelanggan id.edmaputra.uwati.controller.PelangganController.editPelanggan(id.edmaputra.uwati.entity.master.Pelanggan,org.springframework.validation.BindingResult,java.security.Principal,javax.servlet.http.HttpServletRequest)
2018-01-21 14:47:55 INFO  RequestMappingHandlerMapping:543 - Mapped "{[/pelanggan/hapus],methods=[POST],produces=[application/json;charset=utf-8]}" onto public java.lang.String id.edmaputra.uwati.controller.PelangganController.hapusPelanggan(id.edmaputra.uwati.entity.master.Pelanggan,org.springframework.validation.BindingResult,java.security.Principal,javax.servlet.http.HttpServletRequest)
2018-01-21 14:47:55 INFO  RequestMappingHandlerMapping:543 - Mapped "{[/pembelian-obat],methods=[GET]}" onto public org.springframework.web.servlet.ModelAndView id.edmaputra.uwati.controller.PembelianObatController.tampilkanPelanggan(java.security.Principal,javax.servlet.http.HttpServletRequest)
2018-01-21 14:47:55 INFO  RequestMappingHandlerMapping:543 - Mapped "{[/pembelian-obat/cariobat],methods=[GET]}" onto public id.edmaputra.uwati.view.json.Suggestion id.edmaputra.uwati.controller.PembelianObatController.dapatkanObatByNama(java.lang.String)
2018-01-21 14:47:55 INFO  RequestMappingHandlerMapping:543 - Mapped "{[/pembelian-obat/hapus-obat],methods=[POST]}" onto public id.edmaputra.uwati.view.handler.PembelianDetailHandler id.edmaputra.uwati.controller.PembelianObatController.hapusObat(id.edmaputra.uwati.view.handler.PembelianDetailHandler,org.springframework.validation.BindingResult,java.security.Principal,javax.servlet.http.HttpServletRequest)
2018-01-21 14:47:55 INFO  RequestMappingHandlerMapping:543 - Mapped "{[/pembelian-obat/dapatkan-obat],methods=[GET]}" onto public id.edmaputra.uwati.view.handler.PembelianDetailHandler id.edmaputra.uwati.controller.PembelianObatController.dapatkanObat(java.lang.String,java.lang.String,java.security.Principal)
2018-01-21 14:47:55 INFO  RequestMappingHandlerMapping:543 - Mapped "{[/pembelian-obat/list-obat],methods=[GET]}" onto public id.edmaputra.uwati.view.HtmlElement id.edmaputra.uwati.controller.PembelianObatController.daftarObatTemp(java.lang.String,javax.servlet.http.HttpServletRequest,javax.servlet.http.HttpServletResponse)
2018-01-21 14:47:55 INFO  RequestMappingHandlerMapping:543 - Mapped "{[/pembelian-obat/edit-obat],methods=[POST]}" onto public id.edmaputra.uwati.view.handler.PembelianDetailHandler id.edmaputra.uwati.controller.PembelianObatController.editTerapi(id.edmaputra.uwati.view.handler.PembelianDetailHandler,org.springframework.validation.BindingResult,java.security.Principal,javax.servlet.http.HttpServletRequest)
2018-01-21 14:47:55 INFO  RequestMappingHandlerMapping:543 - Mapped "{[/pembelian-obat/tersedia]}" onto public java.lang.String id.edmaputra.uwati.controller.PembelianObatController.tersedia(java.lang.String,java.lang.String)
2018-01-21 14:47:55 INFO  RequestMappingHandlerMapping:543 - Mapped "{[/pembelian-obat/tambah-obat],methods=[POST]}" onto public id.edmaputra.uwati.view.handler.PembelianDetailHandler id.edmaputra.uwati.controller.PembelianObatController.tambahTerapi(id.edmaputra.uwati.view.handler.PembelianDetailHandler,org.springframework.validation.BindingResult,java.security.Principal,javax.servlet.http.HttpServletRequest)
2018-01-21 14:47:55 INFO  RequestMappingHandlerMapping:543 - Mapped "{[/pembelian-obat/cetak],methods=[POST]}" onto public org.springframework.web.servlet.ModelAndView id.edmaputra.uwati.controller.PembelianObatController.buatResiDanCetak(org.springframework.web.servlet.ModelAndView,java.lang.String,java.security.Principal)
2018-01-21 14:47:55 INFO  RequestMappingHandlerMapping:543 - Mapped "{[/pembelian-obat/beli],methods=[POST]}" onto public id.edmaputra.uwati.view.handler.PembelianDetailHandler id.edmaputra.uwati.controller.PembelianObatController.simpanPembelian(id.edmaputra.uwati.view.handler.PembelianDetailHandler,org.springframework.validation.BindingResult,java.security.Principal,javax.servlet.http.HttpServletRequest)
2018-01-21 14:47:55 INFO  RequestMappingHandlerMapping:543 - Mapped "{[/pengguna]}" onto public org.springframework.web.servlet.ModelAndView id.edmaputra.uwati.controller.pengguna.PenggunaController.tampilkanProfilPengguna(java.security.Principal,javax.servlet.http.HttpServletRequest)
2018-01-21 14:47:55 INFO  RequestMappingHandlerMapping:543 - Mapped "{[/daftarpengguna]}" onto public org.springframework.web.servlet.ModelAndView id.edmaputra.uwati.controller.pengguna.PenggunaController.tampilkanDaftarPengguna(java.security.Principal,javax.servlet.http.HttpServletRequest)
2018-01-21 14:47:55 INFO  RequestMappingHandlerMapping:543 - Mapped "{[/daftarpengguna/daftar],methods=[GET]}" onto public id.edmaputra.uwati.view.HtmlElement id.edmaputra.uwati.controller.pengguna.PenggunaController.dapatkanDaftarPengguna(java.lang.Integer,java.lang.String,java.lang.Boolean,java.lang.Boolean,javax.servlet.http.HttpServletRequest,javax.servlet.http.HttpServletResponse)
2018-01-21 14:47:55 INFO  RequestMappingHandlerMapping:543 - Mapped "{[/pengguna/simpan],methods=[POST]}" onto public id.edmaputra.uwati.entity.pengguna.Pengguna id.edmaputra.uwati.controller.pengguna.PenggunaController.simpan(id.edmaputra.uwati.view.handler.PasswordHandler,org.springframework.validation.BindingResult,java.security.Principal,javax.servlet.http.HttpServletRequest)
2018-01-21 14:47:55 INFO  RequestMappingHandlerMapping:543 - Mapped "{[/daftarpengguna/semua],methods=[GET]}" onto public java.util.List<id.edmaputra.uwati.entity.pengguna.Pengguna> id.edmaputra.uwati.controller.pengguna.PenggunaController.dapatkanSemua()
2018-01-21 14:47:55 INFO  RequestMappingHandlerMapping:543 - Mapped "{[/daftarpengguna/tersedia],methods=[GET]}" onto public java.lang.Boolean id.edmaputra.uwati.controller.pengguna.PenggunaController.isAda(java.lang.String)
2018-01-21 14:47:55 INFO  RequestMappingHandlerMapping:543 - Mapped "{[/daftarpengguna/dapatkan],methods=[GET]}" onto public id.edmaputra.uwati.entity.pengguna.Pengguna id.edmaputra.uwati.controller.pengguna.PenggunaController.dapatkanPengguna(java.lang.String)
2018-01-21 14:47:55 INFO  RequestMappingHandlerMapping:543 - Mapped "{[/daftarpengguna/tambah],methods=[POST]}" onto public id.edmaputra.uwati.entity.pengguna.Pengguna id.edmaputra.uwati.controller.pengguna.PenggunaController.tambahPengguna(id.edmaputra.uwati.view.handler.PenggunaHandler,org.springframework.validation.BindingResult,java.security.Principal,javax.servlet.http.HttpServletRequest)
2018-01-21 14:47:55 INFO  RequestMappingHandlerMapping:543 - Mapped "{[/daftarpengguna/hapus],methods=[POST],produces=[application/json;charset=utf-8]}" onto public id.edmaputra.uwati.entity.pengguna.Pengguna id.edmaputra.uwati.controller.pengguna.PenggunaController.hapusPengguna(id.edmaputra.uwati.entity.pengguna.Pengguna,org.springframework.validation.BindingResult,java.security.Principal,javax.servlet.http.HttpServletRequest)
2018-01-21 14:47:55 INFO  RequestMappingHandlerMapping:543 - Mapped "{[/daftarpengguna/edit],methods=[POST]}" onto public id.edmaputra.uwati.entity.pengguna.Pengguna id.edmaputra.uwati.controller.pengguna.PenggunaController.editPengguna(id.edmaputra.uwati.view.handler.PenggunaHandler,org.springframework.validation.BindingResult,java.security.Principal,javax.servlet.http.HttpServletRequest)
2018-01-21 14:47:55 INFO  RequestMappingHandlerMapping:543 - Mapped "{[/role/nama],methods=[GET]}" onto public id.edmaputra.uwati.view.json.Suggestion id.edmaputra.uwati.controller.pengguna.RoleController.dapatkanRoleByNama(java.lang.String)
2018-01-21 14:47:55 INFO  RequestMappingHandlerMapping:543 - Mapped "{[/role/daftar],methods=[GET]}" onto public id.edmaputra.uwati.view.HtmlElement id.edmaputra.uwati.controller.pengguna.RoleController.dapatkanDaftarRole(java.lang.Integer,java.lang.String,javax.servlet.http.HttpServletRequest,javax.servlet.http.HttpServletResponse)
2018-01-21 14:47:55 INFO  RequestMappingHandlerMapping:543 - Mapped "{[/role/semua],methods=[GET]}" onto public java.util.List<id.edmaputra.uwati.entity.pengguna.Role> id.edmaputra.uwati.controller.pengguna.RoleController.dapatkanSemua()
2018-01-21 14:47:55 INFO  RequestMappingHandlerMapping:543 - Mapped "{[/role/hapus],methods=[POST],produces=[application/json;charset=utf-8]}" onto public java.lang.String id.edmaputra.uwati.controller.pengguna.RoleController.hapusRole(id.edmaputra.uwati.entity.pengguna.Role,org.springframework.validation.BindingResult,java.security.Principal,javax.servlet.http.HttpServletRequest)
2018-01-21 14:47:55 INFO  RequestMappingHandlerMapping:543 - Mapped "{[/role],methods=[GET]}" onto public org.springframework.web.servlet.ModelAndView id.edmaputra.uwati.controller.pengguna.RoleController.tampilkanRole(java.security.Principal,javax.servlet.http.HttpServletRequest)
2018-01-21 14:47:55 INFO  RequestMappingHandlerMapping:543 - Mapped "{[/role/tambah],methods=[POST]}" onto public id.edmaputra.uwati.entity.pengguna.Role id.edmaputra.uwati.controller.pengguna.RoleController.tambahRole(id.edmaputra.uwati.entity.pengguna.Role,org.springframework.validation.BindingResult,java.security.Principal,javax.servlet.http.HttpServletRequest)
2018-01-21 14:47:55 INFO  RequestMappingHandlerMapping:543 - Mapped "{[/role/edit],methods=[POST]}" onto public id.edmaputra.uwati.entity.pengguna.Role id.edmaputra.uwati.controller.pengguna.RoleController.editRole(id.edmaputra.uwati.entity.pengguna.Role,org.springframework.validation.BindingResult,java.security.Principal,javax.servlet.http.HttpServletRequest)
2018-01-21 14:47:55 INFO  RequestMappingHandlerMapping:543 - Mapped "{[/role/dapatkan],methods=[GET]}" onto public id.edmaputra.uwati.entity.pengguna.Role id.edmaputra.uwati.controller.pengguna.RoleController.dapatkanRole(java.lang.String)
2018-01-21 14:47:55 INFO  RequestMappingHandlerMapping:543 - Mapped "{[/penjualan-obat],methods=[GET]}" onto public org.springframework.web.servlet.ModelAndView id.edmaputra.uwati.controller.PenjualanObatController.tampilkanPelanggan(java.security.Principal,javax.servlet.http.HttpServletRequest)
2018-01-21 14:47:55 INFO  RequestMappingHandlerMapping:543 - Mapped "{[/penjualan-obat/cetak],methods=[POST]}" onto public org.springframework.web.servlet.ModelAndView id.edmaputra.uwati.controller.PenjualanObatController.buatResiDanCetakPenjualan(java.lang.String,org.springframework.web.servlet.ModelAndView,java.security.Principal)
2018-01-21 14:47:55 INFO  RequestMappingHandlerMapping:543 - Mapped "{[/penjualan-obat/resep/cetak],methods=[POST]}" onto public org.springframework.web.servlet.ModelAndView id.edmaputra.uwati.controller.PenjualanObatController.buatResiDanCetakResep(java.lang.String,org.springframework.web.servlet.ModelAndView,java.security.Principal)
2018-01-21 14:47:55 INFO  RequestMappingHandlerMapping:543 - Mapped "{[/penjualan-obat/hapus-obat],methods=[POST]}" onto public id.edmaputra.uwati.view.handler.PenjualanDetailHandler id.edmaputra.uwati.controller.PenjualanObatController.hapusObat(id.edmaputra.uwati.view.handler.PenjualanDetailHandler,org.springframework.validation.BindingResult,java.security.Principal,javax.servlet.http.HttpServletRequest)
2018-01-21 14:47:55 INFO  RequestMappingHandlerMapping:543 - Mapped "{[/penjualan-obat/dapatkan-obat],methods=[GET]}" onto public id.edmaputra.uwati.view.handler.PenjualanDetailHandler id.edmaputra.uwati.controller.PenjualanObatController.dapatkanObat(java.lang.String,java.lang.String,java.security.Principal)
2018-01-21 14:47:55 INFO  RequestMappingHandlerMapping:543 - Mapped "{[/penjualan-obat/list-obat],methods=[GET]}" onto public id.edmaputra.uwati.view.HtmlElement id.edmaputra.uwati.controller.PenjualanObatController.daftarObatTemp(java.lang.String,javax.servlet.http.HttpServletRequest,javax.servlet.http.HttpServletResponse)
2018-01-21 14:47:55 INFO  RequestMappingHandlerMapping:543 - Mapped "{[/penjualan-obat/edit-obat],methods=[POST]}" onto public id.edmaputra.uwati.view.handler.PenjualanDetailHandler id.edmaputra.uwati.controller.PenjualanObatController.editTerapi(id.edmaputra.uwati.view.handler.PenjualanDetailHandler,org.springframework.validation.BindingResult,java.security.Principal,javax.servlet.http.HttpServletRequest)
2018-01-21 14:47:55 INFO  RequestMappingHandlerMapping:543 - Mapped "{[/penjualan-obat/tambah-obat],methods=[POST]}" onto public id.edmaputra.uwati.view.handler.PenjualanDetailHandler id.edmaputra.uwati.controller.PenjualanObatController.tambahTerapi(id.edmaputra.uwati.view.handler.PenjualanDetailHandler,org.springframework.validation.BindingResult,java.security.Principal,javax.servlet.http.HttpServletRequest)
2018-01-21 14:47:55 INFO  RequestMappingHandlerMapping:543 - Mapped "{[/penjualan-obat/jual],methods=[POST]}" onto public id.edmaputra.uwati.view.handler.PenjualanDetailHandler id.edmaputra.uwati.controller.PenjualanObatController.jual(id.edmaputra.uwati.view.handler.PenjualanDetailHandler,org.springframework.validation.BindingResult,java.security.Principal,javax.servlet.http.HttpServletRequest)
2018-01-21 14:47:55 INFO  RequestMappingHandlerMapping:543 - Mapped "{[/penjualan-obat/cek-stok],methods=[GET]}" onto private id.edmaputra.uwati.view.handler.PenjualanDetailHandler id.edmaputra.uwati.controller.PenjualanObatController.cekStokObat(java.lang.String,javax.servlet.http.HttpServletRequest,javax.servlet.http.HttpServletResponse)
2018-01-21 14:47:55 INFO  RequestMappingHandlerMapping:543 - Mapped "{[/penjualan-obat/resep/jual],methods=[POST]}" onto public id.edmaputra.uwati.view.handler.RekamMedisHandler id.edmaputra.uwati.controller.PenjualanObatController.jualResep(id.edmaputra.uwati.view.handler.RekamMedisHandler,org.springframework.validation.BindingResult,java.security.Principal,javax.servlet.http.HttpServletRequest)
2018-01-21 14:47:55 INFO  RequestMappingHandlerMapping:543 - Mapped "{[/racikan/daftar],methods=[GET]}" onto public id.edmaputra.uwati.view.HtmlElement id.edmaputra.uwati.controller.RacikanController.dapatkanDaftarSatuan(java.lang.Integer,java.lang.String,javax.servlet.http.HttpServletRequest,javax.servlet.http.HttpServletResponse)
2018-01-21 14:47:55 INFO  RequestMappingHandlerMapping:543 - Mapped "{[/racikan/list],methods=[GET]}" onto public id.edmaputra.uwati.view.HtmlElement id.edmaputra.uwati.controller.RacikanController.dapatkanRacikanUntukDijual(java.lang.String,java.lang.Integer,java.security.Principal,javax.servlet.http.HttpServletRequest,javax.servlet.http.HttpServletResponse)
2018-01-21 14:47:55 INFO  RequestMappingHandlerMapping:543 - Mapped "{[/racikan/hapus],methods=[POST]}" onto public id.edmaputra.uwati.view.handler.RacikanHandler id.edmaputra.uwati.controller.RacikanController.hapus(id.edmaputra.uwati.view.handler.RacikanHandler,org.springframework.validation.BindingResult,java.security.Principal,javax.servlet.http.HttpServletRequest)
2018-01-21 14:47:55 INFO  RequestMappingHandlerMapping:543 - Mapped "{[/racikan/edit],methods=[POST]}" onto public id.edmaputra.uwati.view.handler.RacikanHandler id.edmaputra.uwati.controller.RacikanController.edit(id.edmaputra.uwati.view.handler.RacikanHandler,org.springframework.validation.BindingResult,java.security.Principal,javax.servlet.http.HttpServletRequest)
2018-01-21 14:47:55 INFO  RequestMappingHandlerMapping:543 - Mapped "{[/racikan/hapus-obat],methods=[POST]}" onto public id.edmaputra.uwati.entity.master.obat.RacikanDetailTemporary id.edmaputra.uwati.controller.RacikanController.hapusObat(id.edmaputra.uwati.view.handler.RacikanDetailHandler,org.springframework.validation.BindingResult,java.security.Principal,javax.servlet.http.HttpServletRequest)
2018-01-21 14:47:55 INFO  RequestMappingHandlerMapping:543 - Mapped "{[/racikan/list-obat],methods=[GET]}" onto public id.edmaputra.uwati.view.HtmlElement id.edmaputra.uwati.controller.RacikanController.daftarObatTemp(java.lang.String,javax.servlet.http.HttpServletRequest,javax.servlet.http.HttpServletResponse)
2018-01-21 14:47:55 INFO  RequestMappingHandlerMapping:543 - Mapped "{[/racikan/tambah-obat],methods=[POST]}" onto public id.edmaputra.uwati.view.handler.RacikanDetailHandler id.edmaputra.uwati.controller.RacikanController.tambahTerapi(id.edmaputra.uwati.view.handler.RacikanDetailHandler,org.springframework.validation.BindingResult,java.security.Principal,javax.servlet.http.HttpServletRequest)
2018-01-21 14:47:55 INFO  RequestMappingHandlerMapping:543 - Mapped "{[/racikan/tambah],methods=[POST]}" onto public id.edmaputra.uwati.view.handler.RacikanHandler id.edmaputra.uwati.controller.RacikanController.tambahRacikan(id.edmaputra.uwati.view.handler.RacikanHandler,org.springframework.validation.BindingResult,java.security.Principal,javax.servlet.http.HttpServletRequest)
2018-01-21 14:47:55 INFO  RequestMappingHandlerMapping:543 - Mapped "{[/racikan/detail],methods=[GET]}" onto public id.edmaputra.uwati.view.HtmlElement id.edmaputra.uwati.controller.RacikanController.dapatkanRacikan(java.lang.String)
2018-01-21 14:47:55 INFO  RequestMappingHandlerMapping:543 - Mapped "{[/racikan/dapatkan],methods=[GET]}" onto public id.edmaputra.uwati.view.handler.RacikanDetailHandler id.edmaputra.uwati.controller.RacikanController.dapatkanRacikan(java.lang.String,java.security.Principal)
2018-01-21 14:47:55 INFO  RequestMappingHandlerMapping:543 - Mapped "{[/racikan],methods=[GET]}" onto public org.springframework.web.servlet.ModelAndView id.edmaputra.uwati.controller.RacikanController.tampilkanSatuan(java.security.Principal,javax.servlet.http.HttpServletRequest)
2018-01-21 14:47:55 INFO  RequestMappingHandlerMapping:543 - Mapped "{[/rekammedis/detail],methods=[GET]}" onto public id.edmaputra.uwati.view.handler.RekamMedisHandler id.edmaputra.uwati.controller.RekamMedisController.detail(java.lang.String,java.security.Principal)
2018-01-21 14:47:55 INFO  RequestMappingHandlerMapping:543 - Mapped "{[/resep/daftar],methods=[GET]}" onto public id.edmaputra.uwati.view.HtmlElement id.edmaputra.uwati.controller.RekamMedisController.tampilkanDaftarResep(java.lang.Integer,java.lang.String,java.lang.String,javax.servlet.http.HttpServletRequest,javax.servlet.http.HttpServletResponse)
2018-01-21 14:47:55 INFO  RequestMappingHandlerMapping:543 - Mapped "{[/rekammedis/resep-batal],methods=[POST]}" onto public void id.edmaputra.uwati.controller.RekamMedisController.batalKirimKeResepList(id.edmaputra.uwati.view.handler.RekamMedisHandler,org.springframework.validation.BindingResult,java.security.Principal,javax.servlet.http.HttpServletRequest)
2018-01-21 14:47:55 INFO  RequestMappingHandlerMapping:543 - Mapped "{[/rekammedis/hapus],methods=[POST]}" onto public id.edmaputra.uwati.view.handler.RekamMedisHandler id.edmaputra.uwati.controller.RekamMedisController.hapus(id.edmaputra.uwati.view.handler.RekamMedisHandler,org.springframework.validation.BindingResult,java.security.Principal,javax.servlet.http.HttpServletRequest)
2018-01-21 14:47:55 INFO  RequestMappingHandlerMapping:543 - Mapped "{[/rekammedis/dapatkan],methods=[GET]}" onto public id.edmaputra.uwati.view.handler.RekamMedisHandler id.edmaputra.uwati.controller.RekamMedisController.dapatkan(java.lang.String,java.lang.String,java.security.Principal)
2018-01-21 14:47:55 INFO  RequestMappingHandlerMapping:543 - Mapped "{[/rekam-medis/{id}],methods=[GET]}" onto public org.springframework.web.servlet.ModelAndView id.edmaputra.uwati.controller.RekamMedisController.tampilkanPage(java.lang.String,java.security.Principal,javax.servlet.http.HttpServletRequest)
2018-01-21 14:47:55 INFO  RequestMappingHandlerMapping:543 - Mapped "{[/rekammedis/edit],methods=[POST]}" onto public id.edmaputra.uwati.entity.pasien.RekamMedis id.edmaputra.uwati.controller.RekamMedisController.edit(id.edmaputra.uwati.view.handler.RekamMedisHandler,org.springframework.validation.BindingResult,java.security.Principal,javax.servlet.http.HttpServletRequest)
2018-01-21 14:47:55 INFO  RequestMappingHandlerMapping:543 - Mapped "{[/rekammedis/tambah],methods=[POST]}" onto public id.edmaputra.uwati.entity.pasien.RekamMedis id.edmaputra.uwati.controller.RekamMedisController.tambah(id.edmaputra.uwati.view.handler.RekamMedisHandler,org.springframework.validation.BindingResult,java.security.Principal,javax.servlet.http.HttpServletRequest)
2018-01-21 14:47:55 INFO  RequestMappingHandlerMapping:543 - Mapped "{[/rekammedis/daftar],methods=[GET]}" onto public id.edmaputra.uwati.view.HtmlElement id.edmaputra.uwati.controller.RekamMedisController.tampilkanDaftar(java.lang.Integer,java.lang.String,java.lang.String,java.lang.String,javax.servlet.http.HttpServletRequest,javax.servlet.http.HttpServletResponse,java.security.Principal)
2018-01-21 14:47:55 INFO  RequestMappingHandlerMapping:543 - Mapped "{[/rekammedis/edit-terapi],methods=[POST]}" onto public id.edmaputra.uwati.entity.pasien.RekamMedisDetailTemp id.edmaputra.uwati.controller.RekamMedisController.editTerapi(id.edmaputra.uwati.entity.pasien.RekamMedisDetailTemp,org.springframework.validation.BindingResult,java.security.Principal,javax.servlet.http.HttpServletRequest)
2018-01-21 14:47:55 INFO  RequestMappingHandlerMapping:543 - Mapped "{[/rekammedis/tambah-terapi],methods=[POST]}" onto public id.edmaputra.uwati.entity.pasien.RekamMedisDetailTemp id.edmaputra.uwati.controller.RekamMedisController.tambahTerapi(id.edmaputra.uwati.entity.pasien.RekamMedisDetailTemp,org.springframework.validation.BindingResult,java.security.Principal,javax.servlet.http.HttpServletRequest)
2018-01-21 14:47:55 INFO  RequestMappingHandlerMapping:543 - Mapped "{[/rekammedis/cek-stok],methods=[GET]}" onto private id.edmaputra.uwati.view.handler.PenjualanDetailHandler id.edmaputra.uwati.controller.RekamMedisController.cekStokObat(java.lang.String,javax.servlet.http.HttpServletRequest,javax.servlet.http.HttpServletResponse)
2018-01-21 14:47:55 INFO  RequestMappingHandlerMapping:543 - Mapped "{[/resep/dapatkan],methods=[GET]}" onto public id.edmaputra.uwati.view.handler.RekamMedisHandler id.edmaputra.uwati.controller.RekamMedisController.dapatkanResep(java.lang.String,java.security.Principal)
2018-01-21 14:47:55 INFO  RequestMappingHandlerMapping:543 - Mapped "{[/rekammedis/daftar-diagnosa],methods=[GET]}" onto public id.edmaputra.uwati.view.HtmlElement id.edmaputra.uwati.controller.RekamMedisController.daftarDiagnosa(java.lang.String,javax.servlet.http.HttpServletRequest,javax.servlet.http.HttpServletResponse)
2018-01-21 14:47:55 INFO  RequestMappingHandlerMapping:543 - Mapped "{[/rekammedis/dapatkan-terapi],methods=[GET]}" onto public id.edmaputra.uwati.entity.pasien.RekamMedisDetailTemp id.edmaputra.uwati.controller.RekamMedisController.dapatkanTerapi(java.lang.String,java.lang.String)
2018-01-21 14:47:55 INFO  RequestMappingHandlerMapping:543 - Mapped "{[/rekammedis/tambah-diagnosa],methods=[POST]}" onto public id.edmaputra.uwati.entity.pasien.RekamMedisDiagnosaTemp id.edmaputra.uwati.controller.RekamMedisController.tambahDiagnosa(id.edmaputra.uwati.entity.pasien.RekamMedisDiagnosaTemp,org.springframework.validation.BindingResult,java.security.Principal,javax.servlet.http.HttpServletRequest)
2018-01-21 14:47:55 INFO  RequestMappingHandlerMapping:543 - Mapped "{[/rekammedis/hapus-terapi],methods=[POST]}" onto public id.edmaputra.uwati.entity.pasien.RekamMedisDetailTemp id.edmaputra.uwati.controller.RekamMedisController.hapusTerapi(id.edmaputra.uwati.view.handler.RekamMedisHandler,org.springframework.validation.BindingResult,java.security.Principal,javax.servlet.http.HttpServletRequest)
2018-01-21 14:47:55 INFO  RequestMappingHandlerMapping:543 - Mapped "{[/rekammedis/hapus-diagnosa],methods=[POST]}" onto public id.edmaputra.uwati.entity.pasien.RekamMedisDiagnosaTemp id.edmaputra.uwati.controller.RekamMedisController.hapusDiagnosa(id.edmaputra.uwati.entity.pasien.RekamMedisDiagnosaTemp,org.springframework.validation.BindingResult,java.security.Principal,javax.servlet.http.HttpServletRequest)
2018-01-21 14:47:55 INFO  RequestMappingHandlerMapping:543 - Mapped "{[/rekammedis/hapus-temp],methods=[POST]}" onto public id.edmaputra.uwati.view.handler.RekamMedisHandler id.edmaputra.uwati.controller.RekamMedisController.hapusTemp(id.edmaputra.uwati.view.handler.RekamMedisHandler,org.springframework.validation.BindingResult,java.security.Principal,javax.servlet.http.HttpServletRequest)
2018-01-21 14:47:55 INFO  RequestMappingHandlerMapping:543 - Mapped "{[/rekammedis/daftar-terapi],methods=[GET]}" onto public id.edmaputra.uwati.view.HtmlElement id.edmaputra.uwati.controller.RekamMedisController.daftarTerapi(java.lang.String,javax.servlet.http.HttpServletRequest,javax.servlet.http.HttpServletResponse)
2018-01-21 14:47:55 INFO  RequestMappingHandlerMapping:543 - Mapped "{[/rekammedis/resep-kirim],methods=[POST]}" onto public void id.edmaputra.uwati.controller.RekamMedisController.kirimKeResepList(id.edmaputra.uwati.view.handler.RekamMedisHandler,org.springframework.validation.BindingResult,java.security.Principal,javax.servlet.http.HttpServletRequest)
2018-01-21 14:47:55 INFO  RequestMappingHandlerMapping:543 - Mapped "{[/rekammedis/baru],methods=[POST]}" onto public id.edmaputra.uwati.entity.pasien.RekamMedis id.edmaputra.uwati.controller.RekamMedisController.baru(id.edmaputra.uwati.entity.pasien.RekamMedis,org.springframework.validation.BindingResult,java.security.Principal,javax.servlet.http.HttpServletRequest)
2018-01-21 14:47:55 INFO  RequestMappingHandlerMapping:543 - Mapped "{[/resep],methods=[GET]}" onto public org.springframework.web.servlet.ModelAndView id.edmaputra.uwati.controller.RekamMedisController.tampilkanResep(java.security.Principal,javax.servlet.http.HttpServletRequest)
2018-01-21 14:47:55 INFO  RequestMappingHandlerMapping:543 - Mapped "{[/rekammedis/kunjungan],methods=[GET]}" onto public id.edmaputra.uwati.view.handler.RekamMedisHandler id.edmaputra.uwati.controller.RekamMedisController.countKunjungan(java.lang.String,java.security.Principal)
2018-01-21 14:47:55 INFO  RequestMappingHandlerMapping:543 - Mapped "{[/satuan/nama],methods=[GET]}" onto public id.edmaputra.uwati.view.json.Suggestion id.edmaputra.uwati.controller.SatuanController.dapatkanKategoriByNama(java.lang.String)
2018-01-21 14:47:55 INFO  RequestMappingHandlerMapping:543 - Mapped "{[/satuan/daftar],methods=[GET]}" onto public id.edmaputra.uwati.view.HtmlElement id.edmaputra.uwati.controller.SatuanController.dapatkanDaftarSatuan(java.lang.Integer,java.lang.String,javax.servlet.http.HttpServletRequest,javax.servlet.http.HttpServletResponse)
2018-01-21 14:47:55 INFO  RequestMappingHandlerMapping:543 - Mapped "{[/satuan/semua],methods=[GET]}" onto public java.util.List<id.edmaputra.uwati.entity.master.Satuan> id.edmaputra.uwati.controller.SatuanController.dapatkanSemua()
2018-01-21 14:47:55 INFO  RequestMappingHandlerMapping:543 - Mapped "{[/satuan/ada],methods=[GET]}" onto public java.lang.Boolean id.edmaputra.uwati.controller.SatuanController.isAda(java.lang.String)
2018-01-21 14:47:55 INFO  RequestMappingHandlerMapping:543 - Mapped "{[/satuan],methods=[GET]}" onto public org.springframework.web.servlet.ModelAndView id.edmaputra.uwati.controller.SatuanController.tampilkanSatuan(java.security.Principal,javax.servlet.http.HttpServletRequest)
2018-01-21 14:47:55 INFO  RequestMappingHandlerMapping:543 - Mapped "{[/satuan/tambah],methods=[POST]}" onto public id.edmaputra.uwati.entity.master.Satuan id.edmaputra.uwati.controller.SatuanController.tambahSatuan(id.edmaputra.uwati.entity.master.Satuan,org.springframework.validation.BindingResult,java.security.Principal,javax.servlet.http.HttpServletRequest)
2018-01-21 14:47:55 INFO  RequestMappingHandlerMapping:543 - Mapped "{[/satuan/edit],methods=[POST]}" onto public id.edmaputra.uwati.entity.master.Satuan id.edmaputra.uwati.controller.SatuanController.editSatuan(id.edmaputra.uwati.entity.master.Satuan,org.springframework.validation.BindingResult,java.security.Principal,javax.servlet.http.HttpServletRequest)
2018-01-21 14:47:55 INFO  RequestMappingHandlerMapping:543 - Mapped "{[/satuan/dapatkan],methods=[GET]}" onto public id.edmaputra.uwati.entity.master.Satuan id.edmaputra.uwati.controller.SatuanController.dapatkanSatuan(java.lang.String)
2018-01-21 14:47:55 INFO  RequestMappingHandlerMapping:543 - Mapped "{[/satuan/hapus],methods=[POST],produces=[application/json;charset=utf-8]}" onto public java.lang.String id.edmaputra.uwati.controller.SatuanController.hapusSatuan(id.edmaputra.uwati.entity.master.Satuan,org.springframework.validation.BindingResult,java.security.Principal,javax.servlet.http.HttpServletRequest)
2018-01-21 14:47:55 INFO  RequestMappingHandlerMapping:543 - Mapped "{[/tindakan/hapus],methods=[POST],produces=[application/json;charset=utf-8]}" onto public id.edmaputra.uwati.entity.master.obat.Obat id.edmaputra.uwati.controller.TindakanController.hapus(id.edmaputra.uwati.view.handler.TindakanHandler,org.springframework.validation.BindingResult,java.security.Principal,javax.servlet.http.HttpServletRequest)
2018-01-21 14:47:55 INFO  RequestMappingHandlerMapping:543 - Mapped "{[/tindakan],methods=[GET]}" onto public org.springframework.web.servlet.ModelAndView id.edmaputra.uwati.controller.TindakanController.tampilkanPage(java.security.Principal,javax.servlet.http.HttpServletRequest)
2018-01-21 14:47:55 INFO  RequestMappingHandlerMapping:543 - Mapped "{[/tindakan/edit],methods=[POST]}" onto public id.edmaputra.uwati.entity.master.obat.Obat id.edmaputra.uwati.controller.TindakanController.edit(id.edmaputra.uwati.view.handler.TindakanHandler,org.springframework.validation.BindingResult,java.security.Principal,javax.servlet.http.HttpServletRequest)
2018-01-21 14:47:55 INFO  RequestMappingHandlerMapping:543 - Mapped "{[/tindakan/ada],methods=[GET]}" onto public java.lang.Boolean id.edmaputra.uwati.controller.TindakanController.isAda(java.lang.String)
2018-01-21 14:47:55 INFO  RequestMappingHandlerMapping:543 - Mapped "{[/tindakan/tambah],methods=[POST]}" onto public id.edmaputra.uwati.entity.master.obat.Obat id.edmaputra.uwati.controller.TindakanController.tambah(id.edmaputra.uwati.view.handler.TindakanHandler,org.springframework.validation.BindingResult,java.security.Principal,javax.servlet.http.HttpServletRequest)
2018-01-21 14:47:55 INFO  RequestMappingHandlerMapping:543 - Mapped "{[/tindakan/daftar],methods=[GET]}" onto public id.edmaputra.uwati.view.HtmlElement id.edmaputra.uwati.controller.TindakanController.tampilkanDaftar(java.lang.Integer,java.lang.String,javax.servlet.http.HttpServletRequest,javax.servlet.http.HttpServletResponse)
2018-01-21 14:47:55 INFO  RequestMappingHandlerMapping:543 - Mapped "{[/tindakan/dapatkan],methods=[GET]}" onto public id.edmaputra.uwati.entity.master.obat.Obat id.edmaputra.uwati.controller.TindakanController.dapatkanEntity(java.lang.String)
2018-01-21 14:47:55 INFO  RequestMappingHandlerMapping:543 - Mapped "{[/retur/dapatkan],methods=[GET]}" onto public id.edmaputra.uwati.view.handler.PembelianDetailHandler id.edmaputra.uwati.controller.transaksi.ReturController.dapatkan(java.lang.String)
2018-01-21 14:47:55 INFO  RequestMappingHandlerMapping:543 - Mapped "{[/retur],methods=[GET]}" onto public org.springframework.web.servlet.ModelAndView id.edmaputra.uwati.controller.transaksi.ReturController.tampilkanPage(java.security.Principal,javax.servlet.http.HttpServletRequest)
2018-01-21 14:47:55 INFO  RequestMappingHandlerMapping:543 - Mapped "{[/retur/daftar],methods=[GET]}" onto public id.edmaputra.uwati.view.HtmlElement id.edmaputra.uwati.controller.transaksi.ReturController.daftar(java.lang.Integer,java.lang.String,java.lang.String,java.lang.String,javax.servlet.http.HttpServletRequest,javax.servlet.http.HttpServletResponse)
2018-01-21 14:47:55 INFO  RequestMappingHandlerMapping:543 - Mapped "{[/retur/batal-retur],methods=[POST]}" onto public id.edmaputra.uwati.view.handler.PembelianDetailHandler id.edmaputra.uwati.controller.transaksi.ReturController.hapusObat(id.edmaputra.uwati.view.handler.PembelianDetailHandler,org.springframework.validation.BindingResult,java.security.Principal,javax.servlet.http.HttpServletRequest)
2018-01-21 14:47:55 INFO  RequestMappingHandlerMapping:543 - Mapped "{[/retur/dapatkanobat],methods=[GET]}" onto public id.edmaputra.uwati.view.handler.PembelianDetailHandler id.edmaputra.uwati.controller.transaksi.ReturController.dapatkanObat(java.lang.String,java.lang.String)
2018-01-21 14:47:55 INFO  RequestMappingHandlerMapping:543 - Mapped "{[/retur/tambah-obat],methods=[POST]}" onto public id.edmaputra.uwati.view.handler.PembelianDetailHandler id.edmaputra.uwati.controller.transaksi.ReturController.tambahTerapi(id.edmaputra.uwati.view.handler.PembelianDetailHandler,org.springframework.validation.BindingResult,java.security.Principal,javax.servlet.http.HttpServletRequest)
2018-01-21 14:47:55 INFO  RequestMappingHandlerMapping:543 - Mapped "{[/retur/retur],methods=[POST]}" onto public id.edmaputra.uwati.view.handler.PembelianDetailHandler id.edmaputra.uwati.controller.transaksi.ReturController.jual(id.edmaputra.uwati.view.handler.PembelianDetailHandler,org.springframework.validation.BindingResult,java.security.Principal,javax.servlet.http.HttpServletRequest)
2018-01-21 14:47:55 INFO  RequestMappingHandlerMapping:543 - Mapped "{[/retur/daftar-retur],methods=[GET]}" onto public id.edmaputra.uwati.view.HtmlElement id.edmaputra.uwati.controller.transaksi.ReturController.daftarObatRetur(java.lang.String,javax.servlet.http.HttpServletRequest,javax.servlet.http.HttpServletResponse)
2018-01-21 14:47:55 INFO  RequestMappingHandlerMapping:543 - Mapped "{[/utang-piutang],methods=[GET]}" onto public org.springframework.web.servlet.ModelAndView id.edmaputra.uwati.controller.transaksi.UtangPiutangController.tampilkanPageUtangPiutang(java.security.Principal,javax.servlet.http.HttpServletRequest)
2018-01-21 14:47:55 INFO  RequestMappingHandlerMapping:543 - Mapped "{[/utang-piutang/dapatkan],methods=[GET]}" onto public id.edmaputra.uwati.view.handler.PembelianDetailHandler id.edmaputra.uwati.controller.transaksi.UtangPiutangController.dapatkan(java.lang.String,int)
2018-01-21 14:47:55 INFO  RequestMappingHandlerMapping:543 - Mapped "{[/utang-piutang/daftar],methods=[GET]}" onto public id.edmaputra.uwati.view.HtmlElement id.edmaputra.uwati.controller.transaksi.UtangPiutangController.daftar(java.lang.Integer,java.lang.Integer,java.lang.String,java.lang.String,java.lang.String,javax.servlet.http.HttpServletRequest,javax.servlet.http.HttpServletResponse)
2018-01-21 14:47:55 INFO  RequestMappingHandlerMapping:543 - Mapped "{[/utang-piutang/bayar],methods=[POST]}" onto public id.edmaputra.uwati.view.handler.PembelianDetailHandler id.edmaputra.uwati.controller.transaksi.UtangPiutangController.simpanPembelian(id.edmaputra.uwati.view.handler.PembelianDetailHandler,org.springframework.validation.BindingResult,java.security.Principal,javax.servlet.http.HttpServletRequest)
2018-01-21 14:47:55 INFO  SimpleUrlHandlerMapping:362 - Mapped URL path [/static/**] onto handler of type [class org.springframework.web.servlet.resource.ResourceHttpRequestHandler]
2018-01-21 14:47:56 INFO  RequestMappingHandlerAdapter:534 - Looking for @ControllerAdvice: Root WebApplicationContext: startup date [Sun Jan 21 14:47:46 SGT 2018]; root of context hierarchy
2018-01-21 14:47:56 INFO  TilesAccess:93 - Publishing TilesContext for context: org.springframework.web.servlet.view.tiles3.SpringWildcardServletTilesApplicationContext
2018-01-21 14:47:56 INFO  ContextLoader:344 - Root WebApplicationContext: initialization completed in 10850 ms
2018-01-21 14:47:56 INFO  DispatcherServlet:489 - FrameworkServlet 'dispatcher': initialization started
2018-01-21 14:47:56 INFO  AnnotationConfigWebApplicationContext:582 - Refreshing WebApplicationContext for namespace 'dispatcher-servlet': startup date [Sun Jan 21 14:47:56 SGT 2018]; parent: Root WebApplicationContext
2018-01-21 14:47:56 INFO  AutowiredAnnotationBeanPostProcessor:155 - JSR-330 'javax.inject.Inject' annotation found and supported for autowiring
2018-01-21 14:47:57 INFO  DispatcherServlet:508 - FrameworkServlet 'dispatcher': initialization completed in 143 ms
2018-01-21 14:49:22 INFO  CustomUserDetailService:30 - USER: admin MENCOBA LOGIN
2018-01-21 15:48:43 INFO  ReturController:83 - USER : admin, OPERASI : LOAD, PATH : /retur, IP ADDRESS : 0:0:0:0:0:0:0:1, HOST : 0:0:0:0:0:0:0:1 
2018-01-21 15:50:41 INFO  KategoriController:51 - USER : admin, OPERASI : LOAD, PATH : /kategori, IP ADDRESS : 0:0:0:0:0:0:0:1, HOST : 0:0:0:0:0:0:0:1 
2018-01-21 15:50:47 INFO  SatuanController:56 - USER : admin, OPERASI : LOAD, PATH : /satuan, IP ADDRESS : 0:0:0:0:0:0:0:1, HOST : 0:0:0:0:0:0:0:1 
2018-01-21 16:25:06 INFO  ApotekController:50 - USER : admin, OPERASI : LOAD, PATH : /profil, IP ADDRESS : 0:0:0:0:0:0:0:1, HOST : 0:0:0:0:0:0:0:1 
